2024-07-07 18:48:27,608 P466019 INFO Params: {
    "batch_norm": "True",
    "batch_size": "10000",
    "data_format": "csv",
    "data_root": "../../../data/",
    "dataset_id": "KDD12_x10",
    "debug_mode": "False",
    "early_stop_patience": "2",
    "embedding_dim": "16",
    "embedding_regularizer": "1e-05",
    "epochs": "100",
    "eval_steps": "None",
    "feature_cols": "[{'active': True, 'dtype': 'float', 'name': ['Depth', 'Position', 'Impression'], 'preprocess': 'convert_to_bucket', 'type': 'categorical'}, {'active': True, 'dtype': 'float', 'name': ['DisplayURL', 'AdID', 'AdvertiserID', 'QueryID', 'KeywordID', 'TitleID', 'DescriptionID', 'UserID', 'Gender', 'Age'], 'type': 'categorical'}]",
    "feature_config": "None",
    "feature_specs": "None",
    "gpu": "3",
    "group_id": "None",
    "label_col": "{'dtype': 'float', 'name': 'Click'}",
    "layer_norm": "True",
    "learning_rate": "0.001",
    "loss": "binary_crossentropy",
    "metrics": "['logloss', 'AUC']",
    "min_categr_count": "10",
    "model": "DCNv3",
    "model_id": "DCNv3_KDD12_004_08977db8",
    "model_root": "./checkpoints/",
    "monitor": "{'AUC': 1, 'logloss': 0}",
    "monitor_mode": "max",
    "net_dropout": "0",
    "net_regularizer": "0",
    "num_cross_layers": "4",
    "num_heads": "1",
    "num_workers": "8",
    "optimizer": "adam",
    "pickle_feature_encoder": "True",
    "save_best_only": "True",
    "seed": "2024",
    "shuffle": "True",
    "task": "binary_classification",
    "test_data": "../../../data/KDD12/test.csv",
    "train_data": "../../../data/KDD12/train.csv",
    "use_features": "None",
    "valid_data": "../../../data/KDD12/valid.csv",
    "verbose": "1"
}
2024-07-07 18:48:27,608 P466019 INFO Set up feature processor...
2024-07-07 18:48:27,608 P466019 WARNING Skip rebuilding ../../../data/KDD12_x10/feature_map.json. Please delete it manually if rebuilding is required.
2024-07-07 18:48:27,609 P466019 INFO Load feature_map from json: ../../../data/KDD12_x10/feature_map.json
2024-07-07 18:48:27,609 P466019 INFO Set column index...
2024-07-07 18:48:27,609 P466019 INFO Feature specs: {
    "AdID": "{'source': '', 'type': 'categorical', 'padding_idx': 0, 'oov_idx': 280097, 'vocab_size': 280098}",
    "AdvertiserID": "{'source': '', 'type': 'categorical', 'padding_idx': 0, 'oov_idx': 14416, 'vocab_size': 14417}",
    "Age": "{'source': '', 'type': 'categorical', 'padding_idx': 0, 'oov_idx': 8, 'vocab_size': 9}",
    "Depth": "{'source': '', 'type': 'categorical', 'padding_idx': 0, 'oov_idx': 3, 'vocab_size': 4}",
    "DescriptionID": "{'source': '', 'type': 'categorical', 'padding_idx': 0, 'oov_idx': 614455, 'vocab_size': 614456}",
    "DisplayURL": "{'source': '', 'type': 'categorical', 'padding_idx': 0, 'oov_idx': 22591, 'vocab_size': 22592}",
    "Gender": "{'source': '', 'type': 'categorical', 'padding_idx': 0, 'oov_idx': 4, 'vocab_size': 5}",
    "Impression": "{'source': '', 'type': 'categorical', 'padding_idx': 0, 'oov_idx': 90, 'vocab_size': 91}",
    "KeywordID": "{'source': '', 'type': 'categorical', 'padding_idx': 0, 'oov_idx': 358326, 'vocab_size': 358327}",
    "Position": "{'source': '', 'type': 'categorical', 'padding_idx': 0, 'oov_idx': 3, 'vocab_size': 4}",
    "QueryID": "{'source': '', 'type': 'categorical', 'padding_idx': 0, 'oov_idx': 997505, 'vocab_size': 997506}",
    "TitleID": "{'source': '', 'type': 'categorical', 'padding_idx': 0, 'oov_idx': 762415, 'vocab_size': 762416}",
    "UserID": "{'source': '', 'type': 'categorical', 'padding_idx': 0, 'oov_idx': 1618170, 'vocab_size': 1618171}"
}
2024-07-07 18:48:32,081 P466019 INFO Total number of parameters: 74777945.
2024-07-07 18:48:32,082 P466019 INFO Loading data...
2024-07-07 18:48:32,082 P466019 INFO Loading data from h5: ../../../data/KDD12_x10/train.h5
2024-07-07 18:49:10,415 P466019 INFO Train samples: total/113096830, blocks/1
2024-07-07 18:49:10,415 P466019 INFO Loading data from h5: ../../../data/KDD12_x10/valid.h5
2024-07-07 18:49:16,490 P466019 INFO Validation samples: total/14137104, blocks/1
2024-07-07 18:49:16,490 P466019 INFO Loading train and validation data done.
2024-07-07 18:49:16,490 P466019 INFO Start training: 11310 batches/epoch
2024-07-07 18:49:16,490 P466019 INFO ************ Epoch=1 start ************
2024-07-07 19:05:33,181 P466019 INFO Train loss: 0.168021
2024-07-07 19:05:33,181 P466019 INFO Evaluation @epoch 1 - batch 11310: 
2024-07-07 19:06:01,141 P466019 INFO ===
2024-07-07 19:06:01,141 P466019 INFO [Metrics] AUC: 0.786786 - logloss: 0.154241
2024-07-07 19:06:01,142 P466019 INFO Save best model: monitor(max)=0.786786
2024-07-07 19:06:01,738 P466019 INFO ************ Epoch=1 end ************
2024-07-07 19:22:24,975 P466019 INFO Train loss: 0.166879
2024-07-07 19:22:24,975 P466019 INFO Evaluation @epoch 2 - batch 11310: 
2024-07-07 19:22:52,546 P466019 INFO ===
2024-07-07 19:22:52,546 P466019 INFO [Metrics] AUC: 0.786730 - logloss: 0.154245
2024-07-07 19:22:52,547 P466019 INFO Monitor(max)=0.786730 STOP!
2024-07-07 19:22:52,547 P466019 INFO Reduce learning rate on plateau: 0.000100
2024-07-07 19:22:52,658 P466019 INFO ************ Epoch=2 end ************
2024-07-07 19:40:58,351 P466019 INFO Train loss: 0.154936
2024-07-07 19:40:58,351 P466019 INFO Evaluation @epoch 3 - batch 11310: 
2024-07-07 19:41:31,088 P466019 INFO ===
2024-07-07 19:41:31,089 P466019 INFO [Metrics] AUC: 0.803924 - logloss: 0.150842
2024-07-07 19:41:31,090 P466019 INFO Save best model: monitor(max)=0.803924
2024-07-07 19:41:32,774 P466019 INFO ************ Epoch=3 end ************
2024-07-07 20:04:57,547 P466019 INFO Train loss: 0.151916
2024-07-07 20:04:57,547 P466019 INFO Evaluation @epoch 4 - batch 11310: 
2024-07-07 20:05:29,099 P466019 INFO ===
2024-07-07 20:05:29,099 P466019 INFO [Metrics] AUC: 0.806151 - logloss: 0.150337
2024-07-07 20:05:29,100 P466019 INFO Save best model: monitor(max)=0.806151
2024-07-07 20:05:30,829 P466019 INFO ************ Epoch=4 end ************
2024-07-07 20:23:39,090 P466019 INFO Train loss: 0.151558
2024-07-07 20:23:39,091 P466019 INFO Evaluation @epoch 5 - batch 11310: 
2024-07-07 20:24:07,134 P466019 INFO ===
2024-07-07 20:24:07,135 P466019 INFO [Metrics] AUC: 0.805682 - logloss: 0.150487
2024-07-07 20:24:07,136 P466019 INFO Monitor(max)=0.805682 STOP!
2024-07-07 20:24:07,136 P466019 INFO Reduce learning rate on plateau: 0.000010
2024-07-07 20:24:07,244 P466019 INFO ************ Epoch=5 end ************
2024-07-07 20:40:30,373 P466019 INFO Train loss: 0.141753
2024-07-07 20:40:30,373 P466019 INFO Evaluation @epoch 6 - batch 11310: 
2024-07-07 20:40:58,399 P466019 INFO ===
2024-07-07 20:40:58,400 P466019 INFO [Metrics] AUC: 0.800385 - logloss: 0.153887
2024-07-07 20:40:58,401 P466019 INFO Monitor(max)=0.800385 STOP!
2024-07-07 20:40:58,401 P466019 INFO Reduce learning rate on plateau: 0.000001
2024-07-07 20:40:58,401 P466019 INFO ********* Epoch==6 early stop *********
2024-07-07 20:40:58,517 P466019 INFO Training finished.
2024-07-07 20:40:58,517 P466019 INFO Load best model: /mnt/public/lhh/code/model_zoo/DCNv3/DCNv3_torch/checkpoints/KDD12_x10/DCNv3_KDD12_004_08977db8.model
2024-07-07 20:40:58,698 P466019 INFO ****** Validation evaluation ******
2024-07-07 20:41:27,002 P466019 INFO ===
2024-07-07 20:41:27,002 P466019 INFO [Metrics] logloss: 0.150337 - AUC: 0.806151
2024-07-07 20:41:27,073 P466019 INFO ******** Test evaluation ********
2024-07-07 20:41:27,073 P466019 INFO Loading data...
2024-07-07 20:41:27,073 P466019 INFO Loading data from h5: ../../../data/KDD12_x10/test.h5
2024-07-07 20:41:29,758 P466019 INFO Test samples: total/14137104, blocks/1
2024-07-07 20:41:29,758 P466019 INFO Loading test data done.
2024-07-07 20:41:56,440 P466019 INFO ===
2024-07-07 20:41:56,440 P466019 INFO [Metrics] logloss: 0.150067 - AUC: 0.806585
