2024-07-07 18:48:27,788 P466017 INFO Params: {
    "batch_norm": "True",
    "batch_size": "10000",
    "data_format": "csv",
    "data_root": "../../../data/",
    "dataset_id": "KDD12_x10",
    "debug_mode": "False",
    "early_stop_patience": "2",
    "embedding_dim": "16",
    "embedding_regularizer": "1e-05",
    "epochs": "100",
    "eval_steps": "None",
    "feature_cols": "[{'active': True, 'dtype': 'float', 'name': ['Depth', 'Position', 'Impression'], 'preprocess': 'convert_to_bucket', 'type': 'categorical'}, {'active': True, 'dtype': 'float', 'name': ['DisplayURL', 'AdID', 'AdvertiserID', 'QueryID', 'KeywordID', 'TitleID', 'DescriptionID', 'UserID', 'Gender', 'Age'], 'type': 'categorical'}]",
    "feature_config": "None",
    "feature_specs": "None",
    "gpu": "1",
    "group_id": "None",
    "label_col": "{'dtype': 'float', 'name': 'Click'}",
    "layer_norm": "True",
    "learning_rate": "0.001",
    "loss": "binary_crossentropy",
    "metrics": "['logloss', 'AUC']",
    "min_categr_count": "10",
    "model": "ECN",
    "model_id": "ECN_KDD12_002_0ec6ff0e",
    "model_root": "./checkpoints/",
    "monitor": "{'AUC': 1, 'logloss': 0}",
    "monitor_mode": "max",
    "net_dropout": "0",
    "net_regularizer": "0",
    "num_cross_layers": "2",
    "num_heads": "1",
    "num_workers": "8",
    "optimizer": "adam",
    "pickle_feature_encoder": "True",
    "save_best_only": "True",
    "seed": "2024",
    "shuffle": "True",
    "task": "binary_classification",
    "test_data": "../../../data/KDD12/test.csv",
    "train_data": "../../../data/KDD12/train.csv",
    "use_features": "None",
    "valid_data": "../../../data/KDD12/valid.csv",
    "verbose": "1"
}
2024-07-07 18:48:27,789 P466017 INFO Set up feature processor...
2024-07-07 18:48:27,789 P466017 WARNING Skip rebuilding ../../../data/KDD12_x10/feature_map.json. Please delete it manually if rebuilding is required.
2024-07-07 18:48:27,789 P466017 INFO Load feature_map from json: ../../../data/KDD12_x10/feature_map.json
2024-07-07 18:48:27,790 P466017 INFO Set column index...
2024-07-07 18:48:27,790 P466017 INFO Feature specs: {
    "AdID": "{'source': '', 'type': 'categorical', 'padding_idx': 0, 'oov_idx': 280097, 'vocab_size': 280098}",
    "AdvertiserID": "{'source': '', 'type': 'categorical', 'padding_idx': 0, 'oov_idx': 14416, 'vocab_size': 14417}",
    "Age": "{'source': '', 'type': 'categorical', 'padding_idx': 0, 'oov_idx': 8, 'vocab_size': 9}",
    "Depth": "{'source': '', 'type': 'categorical', 'padding_idx': 0, 'oov_idx': 3, 'vocab_size': 4}",
    "DescriptionID": "{'source': '', 'type': 'categorical', 'padding_idx': 0, 'oov_idx': 614455, 'vocab_size': 614456}",
    "DisplayURL": "{'source': '', 'type': 'categorical', 'padding_idx': 0, 'oov_idx': 22591, 'vocab_size': 22592}",
    "Gender": "{'source': '', 'type': 'categorical', 'padding_idx': 0, 'oov_idx': 4, 'vocab_size': 5}",
    "Impression": "{'source': '', 'type': 'categorical', 'padding_idx': 0, 'oov_idx': 90, 'vocab_size': 91}",
    "KeywordID": "{'source': '', 'type': 'categorical', 'padding_idx': 0, 'oov_idx': 358326, 'vocab_size': 358327}",
    "Position": "{'source': '', 'type': 'categorical', 'padding_idx': 0, 'oov_idx': 3, 'vocab_size': 4}",
    "QueryID": "{'source': '', 'type': 'categorical', 'padding_idx': 0, 'oov_idx': 997505, 'vocab_size': 997506}",
    "TitleID": "{'source': '', 'type': 'categorical', 'padding_idx': 0, 'oov_idx': 762415, 'vocab_size': 762416}",
    "UserID": "{'source': '', 'type': 'categorical', 'padding_idx': 0, 'oov_idx': 1618170, 'vocab_size': 1618171}"
}
2024-07-07 18:48:32,172 P466017 INFO Total number of parameters: 74733845.
2024-07-07 18:48:32,172 P466017 INFO Loading data...
2024-07-07 18:48:32,172 P466017 INFO Loading data from h5: ../../../data/KDD12_x10/train.h5
2024-07-07 18:49:11,138 P466017 INFO Train samples: total/113096830, blocks/1
2024-07-07 18:49:11,138 P466017 INFO Loading data from h5: ../../../data/KDD12_x10/valid.h5
2024-07-07 18:49:16,495 P466017 INFO Validation samples: total/14137104, blocks/1
2024-07-07 18:49:16,496 P466017 INFO Loading train and validation data done.
2024-07-07 18:49:16,496 P466017 INFO Start training: 11310 batches/epoch
2024-07-07 18:49:16,496 P466017 INFO ************ Epoch=1 start ************
2024-07-07 19:19:34,356 P466017 INFO Train loss: 0.168050
2024-07-07 19:19:34,356 P466017 INFO Evaluation @epoch 1 - batch 11310: 
2024-07-07 19:20:04,557 P466017 INFO ===
2024-07-07 19:20:04,557 P466017 INFO [Metrics] AUC: 0.786639 - logloss: 0.154428
2024-07-07 19:20:04,558 P466017 INFO Save best model: monitor(max)=0.786639
2024-07-07 19:20:05,187 P466017 INFO ************ Epoch=1 end ************
2024-07-07 19:49:20,198 P466017 INFO Train loss: 0.165957
2024-07-07 19:49:20,198 P466017 INFO Evaluation @epoch 2 - batch 11310: 
2024-07-07 19:49:50,412 P466017 INFO ===
2024-07-07 19:49:50,412 P466017 INFO [Metrics] AUC: 0.787550 - logloss: 0.154115
2024-07-07 19:49:50,413 P466017 INFO Save best model: monitor(max)=0.787550
2024-07-07 19:49:52,134 P466017 INFO ************ Epoch=2 end ************
2024-07-07 20:19:08,244 P466017 INFO Train loss: 0.166286
2024-07-07 20:19:08,245 P466017 INFO Evaluation @epoch 3 - batch 11310: 
2024-07-07 20:19:38,212 P466017 INFO ===
2024-07-07 20:19:38,213 P466017 INFO [Metrics] AUC: 0.787739 - logloss: 0.154089
2024-07-07 20:19:38,214 P466017 INFO Save best model: monitor(max)=0.787739
2024-07-07 20:19:39,972 P466017 INFO ************ Epoch=3 end ************
2024-07-07 20:49:15,325 P466017 INFO Train loss: 0.166528
2024-07-07 20:49:15,325 P466017 INFO Evaluation @epoch 4 - batch 11310: 
2024-07-07 20:49:44,569 P466017 INFO ===
2024-07-07 20:49:44,569 P466017 INFO [Metrics] AUC: 0.788002 - logloss: 0.154038
2024-07-07 20:49:44,570 P466017 INFO Save best model: monitor(max)=0.788002
2024-07-07 20:49:46,281 P466017 INFO ************ Epoch=4 end ************
2024-07-07 21:20:52,163 P466017 INFO Train loss: 0.166716
2024-07-07 21:20:52,164 P466017 INFO Evaluation @epoch 5 - batch 11310: 
2024-07-07 21:21:21,596 P466017 INFO ===
2024-07-07 21:21:21,597 P466017 INFO [Metrics] AUC: 0.788015 - logloss: 0.154016
2024-07-07 21:21:21,598 P466017 INFO Save best model: monitor(max)=0.788015
2024-07-07 21:21:23,319 P466017 INFO ************ Epoch=5 end ************
2024-07-07 21:51:06,277 P466017 INFO Train loss: 0.166963
2024-07-07 21:51:06,278 P466017 INFO Evaluation @epoch 6 - batch 11310: 
2024-07-07 21:51:35,033 P466017 INFO ===
2024-07-07 21:51:35,033 P466017 INFO [Metrics] AUC: 0.788122 - logloss: 0.153994
2024-07-07 21:51:35,034 P466017 INFO Save best model: monitor(max)=0.788122
2024-07-07 21:51:36,722 P466017 INFO ************ Epoch=6 end ************
2024-07-07 22:21:11,461 P466017 INFO Train loss: 0.167154
2024-07-07 22:21:11,461 P466017 INFO Evaluation @epoch 7 - batch 11310: 
2024-07-07 22:21:41,000 P466017 INFO ===
2024-07-07 22:21:41,000 P466017 INFO [Metrics] AUC: 0.787783 - logloss: 0.154060
2024-07-07 22:21:41,001 P466017 INFO Monitor(max)=0.787783 STOP!
2024-07-07 22:21:41,001 P466017 INFO Reduce learning rate on plateau: 0.000100
2024-07-07 22:21:41,096 P466017 INFO ************ Epoch=7 end ************
2024-07-07 22:51:12,409 P466017 INFO Train loss: 0.154826
2024-07-07 22:51:12,409 P466017 INFO Evaluation @epoch 8 - batch 11310: 
2024-07-07 22:51:43,456 P466017 INFO ===
2024-07-07 22:51:43,456 P466017 INFO [Metrics] AUC: 0.803435 - logloss: 0.150897
2024-07-07 22:51:43,457 P466017 INFO Save best model: monitor(max)=0.803435
2024-07-07 22:51:45,180 P466017 INFO ************ Epoch=8 end ************
2024-07-07 23:23:03,621 P466017 INFO Train loss: 0.151541
2024-07-07 23:23:03,622 P466017 INFO Evaluation @epoch 9 - batch 11310: 
2024-07-07 23:23:34,325 P466017 INFO ===
2024-07-07 23:23:34,325 P466017 INFO [Metrics] AUC: 0.804946 - logloss: 0.150539
2024-07-07 23:23:34,327 P466017 INFO Save best model: monitor(max)=0.804946
2024-07-07 23:23:36,071 P466017 INFO ************ Epoch=9 end ************
2024-07-07 23:54:46,782 P466017 INFO Train loss: 0.151720
2024-07-07 23:54:46,782 P466017 INFO Evaluation @epoch 10 - batch 11310: 
2024-07-07 23:55:17,933 P466017 INFO ===
2024-07-07 23:55:17,933 P466017 INFO [Metrics] AUC: 0.804985 - logloss: 0.150552
2024-07-07 23:55:17,934 P466017 INFO Save best model: monitor(max)=0.804985
2024-07-07 23:55:19,762 P466017 INFO ************ Epoch=10 end ************
2024-07-08 00:25:40,825 P466017 INFO Train loss: 0.152015
2024-07-08 00:25:40,825 P466017 INFO Evaluation @epoch 11 - batch 11310: 
2024-07-08 00:26:11,864 P466017 INFO ===
2024-07-08 00:26:11,864 P466017 INFO [Metrics] AUC: 0.804581 - logloss: 0.150662
2024-07-08 00:26:11,865 P466017 INFO Monitor(max)=0.804581 STOP!
2024-07-08 00:26:11,866 P466017 INFO Reduce learning rate on plateau: 0.000010
2024-07-08 00:26:12,007 P466017 INFO ************ Epoch=11 end ************
2024-07-08 00:44:49,013 P466017 INFO Train loss: 0.143947
2024-07-08 00:44:49,013 P466017 INFO Evaluation @epoch 12 - batch 11310: 
2024-07-08 00:45:12,493 P466017 INFO ===
2024-07-08 00:45:12,493 P466017 INFO [Metrics] AUC: 0.802671 - logloss: 0.152351
2024-07-08 00:45:12,494 P466017 INFO Monitor(max)=0.802671 STOP!
2024-07-08 00:45:12,494 P466017 INFO Reduce learning rate on plateau: 0.000001
2024-07-08 00:45:12,494 P466017 INFO ********* Epoch==12 early stop *********
2024-07-08 00:45:12,618 P466017 INFO Training finished.
2024-07-08 00:45:12,618 P466017 INFO Load best model: /mnt/public/lhh/code/model_zoo/ECN/ECN_torch/checkpoints/KDD12_x10/ECN_KDD12_002_0ec6ff0e.model
2024-07-08 00:45:12,824 P466017 INFO ****** Validation evaluation ******
2024-07-08 00:45:39,675 P466017 INFO ===
2024-07-08 00:45:39,675 P466017 INFO [Metrics] logloss: 0.150552 - AUC: 0.804985
2024-07-08 00:45:39,745 P466017 INFO ******** Test evaluation ********
2024-07-08 00:45:39,745 P466017 INFO Loading data...
2024-07-08 00:45:39,745 P466017 INFO Loading data from h5: ../../../data/KDD12_x10/test.h5
2024-07-08 00:45:42,597 P466017 INFO Test samples: total/14137104, blocks/1
2024-07-08 00:45:42,597 P466017 INFO Loading test data done.
2024-07-08 00:46:08,844 P466017 INFO ===
2024-07-08 00:46:08,844 P466017 INFO [Metrics] logloss: 0.150344 - AUC: 0.805229
