2024-07-07 18:48:27,677 P466021 INFO Params: {
    "batch_norm": "True",
    "batch_size": "10000",
    "data_format": "csv",
    "data_root": "../../../data/",
    "dataset_id": "KDD12_x10",
    "debug_mode": "False",
    "early_stop_patience": "2",
    "embedding_dim": "16",
    "embedding_regularizer": "1e-05",
    "epochs": "100",
    "eval_steps": "None",
    "feature_cols": "[{'active': True, 'dtype': 'float', 'name': ['Depth', 'Position', 'Impression'], 'preprocess': 'convert_to_bucket', 'type': 'categorical'}, {'active': True, 'dtype': 'float', 'name': ['DisplayURL', 'AdID', 'AdvertiserID', 'QueryID', 'KeywordID', 'TitleID', 'DescriptionID', 'UserID', 'Gender', 'Age'], 'type': 'categorical'}]",
    "feature_config": "None",
    "feature_specs": "None",
    "gpu": "1",
    "group_id": "None",
    "label_col": "{'dtype': 'float', 'name': 'Click'}",
    "layer_norm": "True",
    "learning_rate": "0.001",
    "loss": "binary_crossentropy",
    "metrics": "['logloss', 'AUC']",
    "min_categr_count": "10",
    "model": "ECN",
    "model_id": "ECN_KDD12_006_6b7236b2",
    "model_root": "./checkpoints/",
    "monitor": "{'AUC': 1, 'logloss': 0}",
    "monitor_mode": "max",
    "net_dropout": "0",
    "net_regularizer": "0",
    "num_cross_layers": "6",
    "num_heads": "1",
    "num_workers": "8",
    "optimizer": "adam",
    "pickle_feature_encoder": "True",
    "save_best_only": "True",
    "seed": "2024",
    "shuffle": "True",
    "task": "binary_classification",
    "test_data": "../../../data/KDD12/test.csv",
    "train_data": "../../../data/KDD12/train.csv",
    "use_features": "None",
    "valid_data": "../../../data/KDD12/valid.csv",
    "verbose": "1"
}
2024-07-07 18:48:27,680 P466021 INFO Set up feature processor...
2024-07-07 18:48:27,680 P466021 WARNING Skip rebuilding ../../../data/KDD12_x10/feature_map.json. Please delete it manually if rebuilding is required.
2024-07-07 18:48:27,681 P466021 INFO Load feature_map from json: ../../../data/KDD12_x10/feature_map.json
2024-07-07 18:48:27,681 P466021 INFO Set column index...
2024-07-07 18:48:27,681 P466021 INFO Feature specs: {
    "AdID": "{'source': '', 'type': 'categorical', 'padding_idx': 0, 'oov_idx': 280097, 'vocab_size': 280098}",
    "AdvertiserID": "{'source': '', 'type': 'categorical', 'padding_idx': 0, 'oov_idx': 14416, 'vocab_size': 14417}",
    "Age": "{'source': '', 'type': 'categorical', 'padding_idx': 0, 'oov_idx': 8, 'vocab_size': 9}",
    "Depth": "{'source': '', 'type': 'categorical', 'padding_idx': 0, 'oov_idx': 3, 'vocab_size': 4}",
    "DescriptionID": "{'source': '', 'type': 'categorical', 'padding_idx': 0, 'oov_idx': 614455, 'vocab_size': 614456}",
    "DisplayURL": "{'source': '', 'type': 'categorical', 'padding_idx': 0, 'oov_idx': 22591, 'vocab_size': 22592}",
    "Gender": "{'source': '', 'type': 'categorical', 'padding_idx': 0, 'oov_idx': 4, 'vocab_size': 5}",
    "Impression": "{'source': '', 'type': 'categorical', 'padding_idx': 0, 'oov_idx': 90, 'vocab_size': 91}",
    "KeywordID": "{'source': '', 'type': 'categorical', 'padding_idx': 0, 'oov_idx': 358326, 'vocab_size': 358327}",
    "Position": "{'source': '', 'type': 'categorical', 'padding_idx': 0, 'oov_idx': 3, 'vocab_size': 4}",
    "QueryID": "{'source': '', 'type': 'categorical', 'padding_idx': 0, 'oov_idx': 997505, 'vocab_size': 997506}",
    "TitleID": "{'source': '', 'type': 'categorical', 'padding_idx': 0, 'oov_idx': 762415, 'vocab_size': 762416}",
    "UserID": "{'source': '', 'type': 'categorical', 'padding_idx': 0, 'oov_idx': 1618170, 'vocab_size': 1618171}"
}
2024-07-07 18:48:32,634 P466021 INFO Total number of parameters: 74822045.
2024-07-07 18:48:32,634 P466021 INFO Loading data...
2024-07-07 18:48:32,634 P466021 INFO Loading data from h5: ../../../data/KDD12_x10/train.h5
2024-07-07 18:49:12,065 P466021 INFO Train samples: total/113096830, blocks/1
2024-07-07 18:49:12,065 P466021 INFO Loading data from h5: ../../../data/KDD12_x10/valid.h5
2024-07-07 18:49:17,364 P466021 INFO Validation samples: total/14137104, blocks/1
2024-07-07 18:49:17,365 P466021 INFO Loading train and validation data done.
2024-07-07 18:49:17,365 P466021 INFO Start training: 11310 batches/epoch
2024-07-07 18:49:17,366 P466021 INFO ************ Epoch=1 start ************
2024-07-07 19:28:49,329 P466021 INFO Train loss: 0.168718
2024-07-07 19:28:49,329 P466021 INFO Evaluation @epoch 1 - batch 11310: 
2024-07-07 19:29:27,992 P466021 INFO ===
2024-07-07 19:29:27,993 P466021 INFO [Metrics] AUC: 0.785275 - logloss: 0.154562
2024-07-07 19:29:27,994 P466021 INFO Save best model: monitor(max)=0.785275
2024-07-07 19:29:28,656 P466021 INFO ************ Epoch=1 end ************
2024-07-07 20:08:22,203 P466021 INFO Train loss: 0.169183
2024-07-07 20:08:22,203 P466021 INFO Evaluation @epoch 2 - batch 11310: 
2024-07-07 20:09:00,024 P466021 INFO ===
2024-07-07 20:09:00,025 P466021 INFO [Metrics] AUC: 0.786931 - logloss: 0.154288
2024-07-07 20:09:00,026 P466021 INFO Save best model: monitor(max)=0.786931
2024-07-07 20:09:01,822 P466021 INFO ************ Epoch=2 end ************
2024-07-07 20:47:46,597 P466021 INFO Train loss: 0.170706
2024-07-07 20:47:46,598 P466021 INFO Evaluation @epoch 3 - batch 11310: 
2024-07-07 20:48:24,128 P466021 INFO ===
2024-07-07 20:48:24,128 P466021 INFO [Metrics] AUC: 0.787075 - logloss: 0.154226
2024-07-07 20:48:24,129 P466021 INFO Save best model: monitor(max)=0.787075
2024-07-07 20:48:25,881 P466021 INFO ************ Epoch=3 end ************
2024-07-07 21:25:44,272 P466021 INFO Train loss: 0.172327
2024-07-07 21:25:44,272 P466021 INFO Evaluation @epoch 4 - batch 11310: 
2024-07-07 21:26:21,602 P466021 INFO ===
2024-07-07 21:26:21,602 P466021 INFO [Metrics] AUC: 0.786865 - logloss: 0.154238
2024-07-07 21:26:21,603 P466021 INFO Monitor(max)=0.786865 STOP!
2024-07-07 21:26:21,604 P466021 INFO Reduce learning rate on plateau: 0.000100
2024-07-07 21:26:21,704 P466021 INFO ************ Epoch=4 end ************
2024-07-07 22:05:06,309 P466021 INFO Train loss: 0.156088
2024-07-07 22:05:06,309 P466021 INFO Evaluation @epoch 5 - batch 11310: 
2024-07-07 22:05:43,679 P466021 INFO ===
2024-07-07 22:05:43,679 P466021 INFO [Metrics] AUC: 0.805266 - logloss: 0.150534
2024-07-07 22:05:43,680 P466021 INFO Save best model: monitor(max)=0.805266
2024-07-07 22:05:45,444 P466021 INFO ************ Epoch=5 end ************
2024-07-07 22:44:30,312 P466021 INFO Train loss: 0.151349
2024-07-07 22:44:30,312 P466021 INFO Evaluation @epoch 6 - batch 11310: 
2024-07-07 22:45:07,996 P466021 INFO ===
2024-07-07 22:45:07,996 P466021 INFO [Metrics] AUC: 0.808160 - logloss: 0.149909
2024-07-07 22:45:07,997 P466021 INFO Save best model: monitor(max)=0.808160
2024-07-07 22:45:09,706 P466021 INFO ************ Epoch=6 end ************
2024-07-07 23:23:17,251 P466021 INFO Train loss: 0.150777
2024-07-07 23:23:17,251 P466021 INFO Evaluation @epoch 7 - batch 11310: 
2024-07-07 23:23:43,584 P466021 INFO ===
2024-07-07 23:23:43,584 P466021 INFO [Metrics] AUC: 0.808467 - logloss: 0.149947
2024-07-07 23:23:43,586 P466021 INFO Save best model: monitor(max)=0.808467
2024-07-07 23:23:45,442 P466021 INFO ************ Epoch=7 end ************
2024-07-08 00:01:20,193 P466021 INFO Train loss: 0.150304
2024-07-08 00:01:20,194 P466021 INFO Evaluation @epoch 8 - batch 11310: 
2024-07-08 00:01:56,545 P466021 INFO ===
2024-07-08 00:01:56,545 P466021 INFO [Metrics] AUC: 0.807971 - logloss: 0.150131
2024-07-08 00:01:56,546 P466021 INFO Monitor(max)=0.807971 STOP!
2024-07-08 00:01:56,546 P466021 INFO Reduce learning rate on plateau: 0.000010
2024-07-08 00:01:56,662 P466021 INFO ************ Epoch=8 end ************
2024-07-08 00:39:53,154 P466021 INFO Train loss: 0.139029
2024-07-08 00:39:53,154 P466021 INFO Evaluation @epoch 9 - batch 11310: 
2024-07-08 00:40:29,818 P466021 INFO ===
2024-07-08 00:40:29,819 P466021 INFO [Metrics] AUC: 0.799831 - logloss: 0.155347
2024-07-08 00:40:29,820 P466021 INFO Monitor(max)=0.799831 STOP!
2024-07-08 00:40:29,820 P466021 INFO Reduce learning rate on plateau: 0.000001
2024-07-08 00:40:29,820 P466021 INFO ********* Epoch==9 early stop *********
2024-07-08 00:40:29,922 P466021 INFO Training finished.
2024-07-08 00:40:29,922 P466021 INFO Load best model: /mnt/public/lhh/code/model_zoo/ECN/ECN_torch/checkpoints/KDD12_x10/ECN_KDD12_006_6b7236b2.model
2024-07-08 00:40:30,115 P466021 INFO ****** Validation evaluation ******
2024-07-08 00:41:05,880 P466021 INFO ===
2024-07-08 00:41:05,881 P466021 INFO [Metrics] logloss: 0.149947 - AUC: 0.808467
2024-07-08 00:41:05,951 P466021 INFO ******** Test evaluation ********
2024-07-08 00:41:05,951 P466021 INFO Loading data...
2024-07-08 00:41:05,951 P466021 INFO Loading data from h5: ../../../data/KDD12_x10/test.h5
2024-07-08 00:41:08,605 P466021 INFO Test samples: total/14137104, blocks/1
2024-07-08 00:41:08,605 P466021 INFO Loading test data done.
2024-07-08 00:41:44,605 P466021 INFO ===
2024-07-08 00:41:44,606 P466021 INFO [Metrics] logloss: 0.149659 - AUC: 0.809071
