2024-07-09 10:48:52,123 P652492 INFO Params: {
    "batch_norm": "True",
    "batch_size": "10000",
    "data_format": "csv",
    "data_root": "../../../data/",
    "dataset_id": "KDD12_x10",
    "debug_mode": "False",
    "deep_net_dropout": "0",
    "early_stop_patience": "2",
    "embedding_dim": "16",
    "embedding_regularizer": "1e-07",
    "epochs": "100",
    "eval_steps": "None",
    "feature_cols": "[{'active': True, 'dtype': 'float', 'name': ['Depth', 'Position', 'Impression'], 'preprocess': 'convert_to_bucket', 'type': 'categorical'}, {'active': True, 'dtype': 'float', 'name': ['DisplayURL', 'AdID', 'AdvertiserID', 'QueryID', 'KeywordID', 'TitleID', 'DescriptionID', 'UserID', 'Gender', 'Age'], 'type': 'categorical'}]",
    "feature_config": "None",
    "feature_specs": "None",
    "gpu": "1",
    "group_id": "None",
    "label_col": "{'dtype': 'float', 'name': 'Click'}",
    "layer_norm": "True",
    "learning_rate": "0.001",
    "loss": "binary_crossentropy",
    "metrics": "['logloss', 'AUC']",
    "min_categr_count": "10",
    "model": "SDCNv3",
    "model_id": "SDCNv3_KDD12_006_28dfd0a7",
    "model_root": "./checkpoints/",
    "monitor": "{'AUC': 1, 'logloss': 0}",
    "monitor_mode": "max",
    "net_regularizer": "0",
    "num_deep_cross_layers": "4",
    "num_heads": "1",
    "num_shallow_cross_layers": "4",
    "num_workers": "8",
    "optimizer": "adam",
    "pickle_feature_encoder": "True",
    "save_best_only": "True",
    "seed": "2024",
    "shallow_net_dropout": "0",
    "shuffle": "True",
    "task": "binary_classification",
    "test_data": "../../../data/KDD12/test.csv",
    "train_data": "../../../data/KDD12/train.csv",
    "use_features": "None",
    "valid_data": "../../../data/KDD12/valid.csv",
    "verbose": "1"
}
2024-07-09 10:48:52,124 P652492 INFO Set up feature processor...
2024-07-09 10:48:52,124 P652492 WARNING Skip rebuilding ../../../data/KDD12_x10/feature_map.json. Please delete it manually if rebuilding is required.
2024-07-09 10:48:52,125 P652492 INFO Load feature_map from json: ../../../data/KDD12_x10/feature_map.json
2024-07-09 10:48:52,125 P652492 INFO Set column index...
2024-07-09 10:48:52,125 P652492 INFO Feature specs: {
    "AdID": "{'source': '', 'type': 'categorical', 'padding_idx': 0, 'oov_idx': 280097, 'vocab_size': 280098}",
    "AdvertiserID": "{'source': '', 'type': 'categorical', 'padding_idx': 0, 'oov_idx': 14416, 'vocab_size': 14417}",
    "Age": "{'source': '', 'type': 'categorical', 'padding_idx': 0, 'oov_idx': 8, 'vocab_size': 9}",
    "Depth": "{'source': '', 'type': 'categorical', 'padding_idx': 0, 'oov_idx': 3, 'vocab_size': 4}",
    "DescriptionID": "{'source': '', 'type': 'categorical', 'padding_idx': 0, 'oov_idx': 614455, 'vocab_size': 614456}",
    "DisplayURL": "{'source': '', 'type': 'categorical', 'padding_idx': 0, 'oov_idx': 22591, 'vocab_size': 22592}",
    "Gender": "{'source': '', 'type': 'categorical', 'padding_idx': 0, 'oov_idx': 4, 'vocab_size': 5}",
    "Impression": "{'source': '', 'type': 'categorical', 'padding_idx': 0, 'oov_idx': 90, 'vocab_size': 91}",
    "KeywordID": "{'source': '', 'type': 'categorical', 'padding_idx': 0, 'oov_idx': 358326, 'vocab_size': 358327}",
    "Position": "{'source': '', 'type': 'categorical', 'padding_idx': 0, 'oov_idx': 3, 'vocab_size': 4}",
    "QueryID": "{'source': '', 'type': 'categorical', 'padding_idx': 0, 'oov_idx': 997505, 'vocab_size': 997506}",
    "TitleID": "{'source': '', 'type': 'categorical', 'padding_idx': 0, 'oov_idx': 762415, 'vocab_size': 762416}",
    "UserID": "{'source': '', 'type': 'categorical', 'padding_idx': 0, 'oov_idx': 1618170, 'vocab_size': 1618171}"
}
2024-07-09 10:48:59,650 P652492 INFO Total number of parameters: 74866354.
2024-07-09 10:48:59,651 P652492 INFO Loading data...
2024-07-09 10:48:59,651 P652492 INFO Loading data from h5: ../../../data/KDD12_x10/train.h5
2024-07-09 10:49:35,424 P652492 INFO Train samples: total/113096830, blocks/1
2024-07-09 10:49:35,425 P652492 INFO Loading data from h5: ../../../data/KDD12_x10/valid.h5
2024-07-09 10:49:41,224 P652492 INFO Validation samples: total/14137104, blocks/1
2024-07-09 10:49:41,225 P652492 INFO Loading train and validation data done.
2024-07-09 10:49:41,225 P652492 INFO Start training: 11310 batches/epoch
2024-07-09 10:49:41,225 P652492 INFO ************ Epoch=1 start ************
2024-07-09 11:50:50,656 P652492 INFO Train loss: 0.157486
2024-07-09 11:50:50,672 P652492 INFO Evaluation @epoch 1 - batch 11310: 
2024-07-09 11:51:37,158 P652492 INFO ===
2024-07-09 11:51:37,158 P652492 INFO [Metrics] AUC: 0.806218 - logloss: 0.150321
2024-07-09 11:51:37,160 P652492 INFO Save best model: monitor(max)=0.806218
2024-07-09 11:51:37,958 P652492 INFO ************ Epoch=1 end ************
2024-07-09 12:52:22,636 P652492 INFO Train loss: 0.152259
2024-07-09 12:52:22,637 P652492 INFO Evaluation @epoch 2 - batch 11310: 
2024-07-09 12:53:05,327 P652492 INFO ===
2024-07-09 12:53:05,328 P652492 INFO [Metrics] AUC: 0.809354 - logloss: 0.149722
2024-07-09 12:53:05,329 P652492 INFO Save best model: monitor(max)=0.809354
2024-07-09 12:53:07,658 P652492 INFO ************ Epoch=2 end ************
2024-07-09 13:50:27,371 P652492 INFO Train loss: 0.148598
2024-07-09 13:50:27,372 P652492 INFO Evaluation @epoch 3 - batch 11310: 
2024-07-09 13:51:07,604 P652492 INFO ===
2024-07-09 13:51:07,604 P652492 INFO [Metrics] AUC: 0.806115 - logloss: 0.150707
2024-07-09 13:51:07,606 P652492 INFO Monitor(max)=0.806115 STOP!
2024-07-09 13:51:07,606 P652492 INFO Reduce learning rate on plateau: 0.000100
2024-07-09 13:51:07,711 P652492 INFO ************ Epoch=3 end ************
2024-07-09 14:45:32,286 P652492 INFO Train loss: 0.131656
2024-07-09 14:45:32,287 P652492 INFO Evaluation @epoch 4 - batch 11310: 
2024-07-09 14:46:19,406 P652492 INFO ===
2024-07-09 14:46:19,407 P652492 INFO [Metrics] AUC: 0.788535 - logloss: 0.162459
2024-07-09 14:46:19,409 P652492 INFO Monitor(max)=0.788535 STOP!
2024-07-09 14:46:19,409 P652492 INFO Reduce learning rate on plateau: 0.000010
2024-07-09 14:46:19,409 P652492 INFO ********* Epoch==4 early stop *********
2024-07-09 14:46:19,544 P652492 INFO Training finished.
2024-07-09 14:46:19,545 P652492 INFO Load best model: /mnt/public/lhh/code/model_zoo/DCNv3/DCNv3_torch/checkpoints/KDD12_x10/SDCNv3_KDD12_006_28dfd0a7.model
2024-07-09 14:46:19,796 P652492 INFO ****** Validation evaluation ******
2024-07-09 14:46:53,527 P652492 INFO ===
2024-07-09 14:46:53,527 P652492 INFO [Metrics] logloss: 0.149722 - AUC: 0.809354
2024-07-09 14:46:53,632 P652492 INFO ******** Test evaluation ********
2024-07-09 14:46:53,632 P652492 INFO Loading data...
2024-07-09 14:46:53,632 P652492 INFO Loading data from h5: ../../../data/KDD12_x10/test.h5
2024-07-09 14:47:03,661 P652492 INFO Test samples: total/14137104, blocks/1
2024-07-09 14:47:03,661 P652492 INFO Loading test data done.
2024-07-09 14:47:55,632 P652492 INFO ===
2024-07-09 14:47:55,633 P652492 INFO [Metrics] logloss: 0.149430 - AUC: 0.809823
