2024-07-01 22:17:25,237 P47048 INFO Params: {
    "batch_norm": "True",
    "batch_size": "10000",
    "data_format": "csv",
    "data_root": "../../../data/",
    "dataset_id": "KKBox_csv",
    "debug_mode": "False",
    "early_stop_patience": "2",
    "embedding_dim": "128",
    "embedding_regularizer": "0.0005",
    "epochs": "100",
    "eval_steps": "None",
    "feature_cols": "[{'active': True, 'dtype': 'str', 'name': ['msno', 'song_id', 'source_system_tab', 'source_screen_name', 'source_type', 'city', 'gender', 'registered_via', 'language'], 'type': 'categorical'}, {'active': True, 'dtype': 'str', 'encoder': 'MaskedSumPooling', 'max_len': 3, 'name': 'genre_ids', 'type': 'sequence'}, {'active': True, 'dtype': 'str', 'encoder': 'MaskedSumPooling', 'max_len': 3, 'name': 'artist_name', 'type': 'sequence'}, {'active': True, 'dtype': 'str', 'name': 'isrc', 'preprocess': 'extract_country_code', 'type': 'categorical'}, {'active': True, 'dtype': 'str', 'name': 'bd', 'preprocess': 'bucketize_age', 'type': 'categorical'}]",
    "feature_config": "None",
    "feature_specs": "None",
    "gpu": "3",
    "group_id": "None",
    "label_col": "{'dtype': 'float', 'name': 'label'}",
    "layer_norm": "True",
    "learning_rate": "0.001",
    "loss": "binary_crossentropy",
    "metrics": "['logloss', 'AUC']",
    "min_categr_count": "10",
    "model": "DCNv3",
    "model_id": "DCNv3_KKBox_x10_008_d8b07cfb",
    "model_root": "./checkpoints/",
    "monitor": "{'AUC': 1, 'logloss': 0}",
    "monitor_mode": "max",
    "net_dropout": "0.2",
    "net_regularizer": "0",
    "num_cross_layers": "3",
    "num_heads": "1",
    "num_workers": "8",
    "optimizer": "adam",
    "pickle_feature_encoder": "True",
    "save_best_only": "True",
    "seed": "2024",
    "shuffle": "True",
    "task": "binary_classification",
    "test_data": "../../../data/KKBox_x1/test.csv",
    "train_data": "../../../data/KKBox_x1/train.csv",
    "use_features": "None",
    "valid_data": "../../../data/KKBox_x1/valid.csv",
    "verbose": "1"
}
2024-07-01 22:17:25,238 P47048 INFO Set up feature processor...
2024-07-01 22:17:25,238 P47048 WARNING Skip rebuilding ../../../data/KKBox_csv/feature_map.json. Please delete it manually if rebuilding is required.
2024-07-01 22:17:25,238 P47048 INFO Load feature_map from json: ../../../data/KKBox_csv/feature_map.json
2024-07-01 22:17:25,238 P47048 INFO Set column index...
2024-07-01 22:17:25,239 P47048 INFO Feature specs: {
    "artist_name": "{'source': '', 'type': 'sequence', 'feature_encoder': 'layers.MaskedAveragePooling()', 'padding_idx': 0, 'oov_idx': 11975, 'vocab_size': 11976, 'max_len': 3}",
    "bd": "{'source': '', 'type': 'categorical', 'padding_idx': 0, 'oov_idx': 8, 'vocab_size': 9}",
    "city": "{'source': '', 'type': 'categorical', 'padding_idx': 0, 'oov_idx': 22, 'vocab_size': 23}",
    "gender": "{'source': '', 'type': 'categorical', 'padding_idx': 0, 'oov_idx': 3, 'vocab_size': 4}",
    "genre_ids": "{'source': '', 'type': 'sequence', 'feature_encoder': 'layers.MaskedAveragePooling()', 'padding_idx': 0, 'oov_idx': 345, 'vocab_size': 346, 'max_len': 3}",
    "isrc": "{'source': '', 'type': 'categorical', 'padding_idx': 0, 'oov_idx': 79, 'vocab_size': 80}",
    "language": "{'source': '', 'type': 'categorical', 'padding_idx': 0, 'oov_idx': 11, 'vocab_size': 12}",
    "msno": "{'source': '', 'type': 'categorical', 'padding_idx': 0, 'oov_idx': 25962, 'vocab_size': 25963}",
    "registered_via": "{'source': '', 'type': 'categorical', 'padding_idx': 0, 'oov_idx': 6, 'vocab_size': 7}",
    "song_id": "{'source': '', 'type': 'categorical', 'padding_idx': 0, 'oov_idx': 53290, 'vocab_size': 53291}",
    "source_screen_name": "{'source': '', 'type': 'categorical', 'padding_idx': 0, 'oov_idx': 20, 'vocab_size': 21}",
    "source_system_tab": "{'source': '', 'type': 'categorical', 'padding_idx': 0, 'oov_idx': 9, 'vocab_size': 10}",
    "source_type": "{'source': '', 'type': 'categorical', 'padding_idx': 0, 'oov_idx': 13, 'vocab_size': 14}"
}
2024-07-01 22:17:30,301 P47048 INFO Total number of parameters: 15909767.
2024-07-01 22:17:30,302 P47048 INFO Loading data...
2024-07-01 22:17:30,302 P47048 INFO Loading data from h5: ../../../data/KKBox_csv/train.h5
2024-07-01 22:17:31,787 P47048 INFO Train samples: total/5901932, blocks/1
2024-07-01 22:17:31,787 P47048 INFO Loading data from h5: ../../../data/KKBox_csv/valid.h5
2024-07-01 22:17:31,975 P47048 INFO Validation samples: total/737743, blocks/1
2024-07-01 22:17:31,975 P47048 INFO Loading train and validation data done.
2024-07-01 22:17:31,975 P47048 INFO Start training: 591 batches/epoch
2024-07-01 22:17:31,975 P47048 INFO ************ Epoch=1 start ************
2024-07-01 22:18:51,630 P47048 INFO Train loss: 0.601359
2024-07-01 22:18:51,631 P47048 INFO Evaluation @epoch 1 - batch 591: 
2024-07-01 22:18:57,060 P47048 INFO ===
2024-07-01 22:18:57,061 P47048 INFO [Metrics] AUC: 0.810070 - logloss: 0.529854
2024-07-01 22:18:57,064 P47048 INFO Save best model: monitor(max)=0.810070
2024-07-01 22:18:57,296 P47048 INFO ************ Epoch=1 end ************
2024-07-01 22:20:18,864 P47048 INFO Train loss: 0.584177
2024-07-01 22:20:18,864 P47048 INFO Evaluation @epoch 2 - batch 591: 
2024-07-01 22:20:24,620 P47048 INFO ===
2024-07-01 22:20:24,620 P47048 INFO [Metrics] AUC: 0.818561 - logloss: 0.520115
2024-07-01 22:20:24,621 P47048 INFO Save best model: monitor(max)=0.818561
2024-07-01 22:20:25,058 P47048 INFO ************ Epoch=2 end ************
2024-07-01 22:21:44,114 P47048 INFO Train loss: 0.580586
2024-07-01 22:21:44,114 P47048 INFO Evaluation @epoch 3 - batch 591: 
2024-07-01 22:21:50,266 P47048 INFO ===
2024-07-01 22:21:50,267 P47048 INFO [Metrics] AUC: 0.822964 - logloss: 0.514597
2024-07-01 22:21:50,267 P47048 INFO Save best model: monitor(max)=0.822964
2024-07-01 22:21:50,750 P47048 INFO ************ Epoch=3 end ************
2024-07-01 22:23:09,213 P47048 INFO Train loss: 0.577948
2024-07-01 22:23:09,213 P47048 INFO Evaluation @epoch 4 - batch 591: 
2024-07-01 22:23:15,008 P47048 INFO ===
2024-07-01 22:23:15,008 P47048 INFO [Metrics] AUC: 0.826277 - logloss: 0.510273
2024-07-01 22:23:15,009 P47048 INFO Save best model: monitor(max)=0.826277
2024-07-01 22:23:15,503 P47048 INFO ************ Epoch=4 end ************
2024-07-01 22:24:34,838 P47048 INFO Train loss: 0.576115
2024-07-01 22:24:34,838 P47048 INFO Evaluation @epoch 5 - batch 591: 
2024-07-01 22:24:39,837 P47048 INFO ===
2024-07-01 22:24:39,837 P47048 INFO [Metrics] AUC: 0.828105 - logloss: 0.508029
2024-07-01 22:24:39,838 P47048 INFO Save best model: monitor(max)=0.828105
2024-07-01 22:24:40,346 P47048 INFO ************ Epoch=5 end ************
2024-07-01 22:25:58,192 P47048 INFO Train loss: 0.574563
2024-07-01 22:25:58,193 P47048 INFO Evaluation @epoch 6 - batch 591: 
2024-07-01 22:26:03,152 P47048 INFO ===
2024-07-01 22:26:03,153 P47048 INFO [Metrics] AUC: 0.830141 - logloss: 0.506012
2024-07-01 22:26:03,153 P47048 INFO Save best model: monitor(max)=0.830141
2024-07-01 22:26:03,583 P47048 INFO ************ Epoch=6 end ************
2024-07-01 22:27:20,342 P47048 INFO Train loss: 0.573230
2024-07-01 22:27:20,343 P47048 INFO Evaluation @epoch 7 - batch 591: 
2024-07-01 22:27:24,978 P47048 INFO ===
2024-07-01 22:27:24,978 P47048 INFO [Metrics] AUC: 0.831338 - logloss: 0.504481
2024-07-01 22:27:24,979 P47048 INFO Save best model: monitor(max)=0.831338
2024-07-01 22:27:25,418 P47048 INFO ************ Epoch=7 end ************
2024-07-01 22:28:38,440 P47048 INFO Train loss: 0.572365
2024-07-01 22:28:38,440 P47048 INFO Evaluation @epoch 8 - batch 591: 
2024-07-01 22:28:43,069 P47048 INFO ===
2024-07-01 22:28:43,069 P47048 INFO [Metrics] AUC: 0.832494 - logloss: 0.502413
2024-07-01 22:28:43,070 P47048 INFO Save best model: monitor(max)=0.832494
2024-07-01 22:28:43,515 P47048 INFO ************ Epoch=8 end ************
2024-07-01 22:29:58,376 P47048 INFO Train loss: 0.571538
2024-07-01 22:29:58,376 P47048 INFO Evaluation @epoch 9 - batch 591: 
2024-07-01 22:30:02,776 P47048 INFO ===
2024-07-01 22:30:02,776 P47048 INFO [Metrics] AUC: 0.833367 - logloss: 0.501270
2024-07-01 22:30:02,776 P47048 INFO Save best model: monitor(max)=0.833367
2024-07-01 22:30:03,217 P47048 INFO ************ Epoch=9 end ************
2024-07-01 22:31:16,986 P47048 INFO Train loss: 0.570634
2024-07-01 22:31:16,986 P47048 INFO Evaluation @epoch 10 - batch 591: 
2024-07-01 22:31:21,465 P47048 INFO ===
2024-07-01 22:31:21,465 P47048 INFO [Metrics] AUC: 0.834173 - logloss: 0.500071
2024-07-01 22:31:21,466 P47048 INFO Save best model: monitor(max)=0.834173
2024-07-01 22:31:21,890 P47048 INFO ************ Epoch=10 end ************
2024-07-01 22:32:35,859 P47048 INFO Train loss: 0.570162
2024-07-01 22:32:35,859 P47048 INFO Evaluation @epoch 11 - batch 591: 
2024-07-01 22:32:41,595 P47048 INFO ===
2024-07-01 22:32:41,595 P47048 INFO [Metrics] AUC: 0.835113 - logloss: 0.498979
2024-07-01 22:32:41,596 P47048 INFO Save best model: monitor(max)=0.835113
2024-07-01 22:32:42,099 P47048 INFO ************ Epoch=11 end ************
2024-07-01 22:33:54,534 P47048 INFO Train loss: 0.569572
2024-07-01 22:33:54,535 P47048 INFO Evaluation @epoch 12 - batch 591: 
2024-07-01 22:33:58,823 P47048 INFO ===
2024-07-01 22:33:58,823 P47048 INFO [Metrics] AUC: 0.835474 - logloss: 0.498569
2024-07-01 22:33:58,824 P47048 INFO Save best model: monitor(max)=0.835474
2024-07-01 22:33:59,239 P47048 INFO ************ Epoch=12 end ************
2024-07-01 22:35:16,335 P47048 INFO Train loss: 0.569240
2024-07-01 22:35:16,335 P47048 INFO Evaluation @epoch 13 - batch 591: 
2024-07-01 22:35:21,221 P47048 INFO ===
2024-07-01 22:35:21,221 P47048 INFO [Metrics] AUC: 0.835950 - logloss: 0.497784
2024-07-01 22:35:21,222 P47048 INFO Save best model: monitor(max)=0.835950
2024-07-01 22:35:21,727 P47048 INFO ************ Epoch=13 end ************
2024-07-01 22:36:37,451 P47048 INFO Train loss: 0.568970
2024-07-01 22:36:37,452 P47048 INFO Evaluation @epoch 14 - batch 591: 
2024-07-01 22:36:41,774 P47048 INFO ===
2024-07-01 22:36:41,774 P47048 INFO [Metrics] AUC: 0.837062 - logloss: 0.496539
2024-07-01 22:36:41,774 P47048 INFO Save best model: monitor(max)=0.837062
2024-07-01 22:36:42,173 P47048 INFO ************ Epoch=14 end ************
2024-07-01 22:37:57,090 P47048 INFO Train loss: 0.568685
2024-07-01 22:37:57,090 P47048 INFO Evaluation @epoch 15 - batch 591: 
2024-07-01 22:38:01,391 P47048 INFO ===
2024-07-01 22:38:01,391 P47048 INFO [Metrics] AUC: 0.837481 - logloss: 0.495791
2024-07-01 22:38:01,392 P47048 INFO Save best model: monitor(max)=0.837481
2024-07-01 22:38:01,867 P47048 INFO ************ Epoch=15 end ************
2024-07-01 22:39:16,965 P47048 INFO Train loss: 0.568153
2024-07-01 22:39:16,965 P47048 INFO Evaluation @epoch 16 - batch 591: 
2024-07-01 22:39:22,033 P47048 INFO ===
2024-07-01 22:39:22,035 P47048 INFO [Metrics] AUC: 0.837061 - logloss: 0.496583
2024-07-01 22:39:22,035 P47048 INFO Monitor(max)=0.837061 STOP!
2024-07-01 22:39:22,035 P47048 INFO Reduce learning rate on plateau: 0.000100
2024-07-01 22:39:22,167 P47048 INFO ************ Epoch=16 end ************
2024-07-01 22:40:37,687 P47048 INFO Train loss: 0.506426
2024-07-01 22:40:37,688 P47048 INFO Evaluation @epoch 17 - batch 591: 
2024-07-01 22:40:42,110 P47048 INFO ===
2024-07-01 22:40:42,111 P47048 INFO [Metrics] AUC: 0.850055 - logloss: 0.480236
2024-07-01 22:40:42,113 P47048 INFO Save best model: monitor(max)=0.850055
2024-07-01 22:40:42,515 P47048 INFO ************ Epoch=17 end ************
2024-07-01 22:41:58,662 P47048 INFO Train loss: 0.475723
2024-07-01 22:41:58,663 P47048 INFO Evaluation @epoch 18 - batch 591: 
2024-07-01 22:42:03,232 P47048 INFO ===
2024-07-01 22:42:03,232 P47048 INFO [Metrics] AUC: 0.853092 - logloss: 0.476910
2024-07-01 22:42:03,233 P47048 INFO Save best model: monitor(max)=0.853092
2024-07-01 22:42:03,642 P47048 INFO ************ Epoch=18 end ************
2024-07-01 22:43:19,847 P47048 INFO Train loss: 0.460748
2024-07-01 22:43:19,848 P47048 INFO Evaluation @epoch 19 - batch 591: 
2024-07-01 22:43:25,099 P47048 INFO ===
2024-07-01 22:43:25,100 P47048 INFO [Metrics] AUC: 0.853817 - logloss: 0.478187
2024-07-01 22:43:25,100 P47048 INFO Save best model: monitor(max)=0.853817
2024-07-01 22:43:25,607 P47048 INFO ************ Epoch=19 end ************
2024-07-01 22:44:41,397 P47048 INFO Train loss: 0.449705
2024-07-01 22:44:41,398 P47048 INFO Evaluation @epoch 20 - batch 591: 
2024-07-01 22:44:45,829 P47048 INFO ===
2024-07-01 22:44:45,829 P47048 INFO [Metrics] AUC: 0.853253 - logloss: 0.482156
2024-07-01 22:44:45,829 P47048 INFO Monitor(max)=0.853253 STOP!
2024-07-01 22:44:45,829 P47048 INFO Reduce learning rate on plateau: 0.000010
2024-07-01 22:44:45,931 P47048 INFO ************ Epoch=20 end ************
2024-07-01 22:45:59,894 P47048 INFO Train loss: 0.418023
2024-07-01 22:45:59,894 P47048 INFO Evaluation @epoch 21 - batch 591: 
2024-07-01 22:46:04,099 P47048 INFO ===
2024-07-01 22:46:04,099 P47048 INFO [Metrics] AUC: 0.850766 - logloss: 0.501131
2024-07-01 22:46:04,102 P47048 INFO Monitor(max)=0.850766 STOP!
2024-07-01 22:46:04,102 P47048 INFO Reduce learning rate on plateau: 0.000001
2024-07-01 22:46:04,102 P47048 INFO ********* Epoch==21 early stop *********
2024-07-01 22:46:04,177 P47048 INFO Training finished.
2024-07-01 22:46:04,177 P47048 INFO Load best model: /mnt/public/lhh/code/model_zoo/DCNv3/DCNv3_torch/checkpoints/KKBox_csv/DCNv3_KKBox_x10_008_d8b07cfb.model
2024-07-01 22:46:04,251 P47048 INFO ****** Validation evaluation ******
2024-07-01 22:46:08,891 P47048 INFO ===
2024-07-01 22:46:08,892 P47048 INFO [Metrics] logloss: 0.478187 - AUC: 0.853817
2024-07-01 22:46:08,946 P47048 INFO ******** Test evaluation ********
2024-07-01 22:46:08,946 P47048 INFO Loading data...
2024-07-01 22:46:08,946 P47048 INFO Loading data from h5: ../../../data/KKBox_csv/test.h5
2024-07-01 22:46:09,112 P47048 INFO Test samples: total/737743, blocks/1
2024-07-01 22:46:09,112 P47048 INFO Loading test data done.
2024-07-01 22:46:13,520 P47048 INFO ===
2024-07-01 22:46:13,520 P47048 INFO [Metrics] logloss: 0.477803 - AUC: 0.854016
