2024-07-02 02:29:41,562 P1465953 INFO Params: {
    "batch_norm": "True",
    "batch_size": "10000",
    "data_format": "csv",
    "data_root": "../../../data/",
    "dataset_id": "KKBox_csv",
    "debug_mode": "False",
    "deep_net_dropout": "0.1",
    "early_stop_patience": "2",
    "embedding_dim": "128",
    "embedding_regularizer": "0.0005",
    "epochs": "100",
    "eval_steps": "None",
    "feature_cols": "[{'active': True, 'dtype': 'str', 'name': ['msno', 'song_id', 'source_system_tab', 'source_screen_name', 'source_type', 'city', 'gender', 'registered_via', 'language'], 'type': 'categorical'}, {'active': True, 'dtype': 'str', 'encoder': 'MaskedSumPooling', 'max_len': 3, 'name': 'genre_ids', 'type': 'sequence'}, {'active': True, 'dtype': 'str', 'encoder': 'MaskedSumPooling', 'max_len': 3, 'name': 'artist_name', 'type': 'sequence'}, {'active': True, 'dtype': 'str', 'name': 'isrc', 'preprocess': 'extract_country_code', 'type': 'categorical'}, {'active': True, 'dtype': 'str', 'name': 'bd', 'preprocess': 'bucketize_age', 'type': 'categorical'}]",
    "feature_config": "None",
    "feature_specs": "None",
    "gpu": "3",
    "group_id": "None",
    "label_col": "{'dtype': 'float', 'name': 'label'}",
    "layer_norm": "True",
    "learning_rate": "0.001",
    "loss": "binary_crossentropy",
    "metrics": "['logloss', 'AUC']",
    "min_categr_count": "10",
    "model": "SDCNv3",
    "model_id": "SDCNv3_KKBox_x10_039_6bbbd428",
    "model_root": "./checkpoints/",
    "monitor": "{'AUC': 1, 'logloss': 0}",
    "monitor_mode": "max",
    "net_regularizer": "0",
    "num_deep_cross_layers": "4",
    "num_heads": "1",
    "num_shallow_cross_layers": "2",
    "num_workers": "4",
    "optimizer": "adam",
    "pickle_feature_encoder": "True",
    "save_best_only": "True",
    "seed": "2024",
    "shallow_net_dropout": "0.3",
    "shuffle": "True",
    "task": "binary_classification",
    "test_data": "../../../data/KKBox_x1/test.csv",
    "train_data": "../../../data/KKBox_x1/train.csv",
    "use_features": "None",
    "valid_data": "../../../data/KKBox_x1/valid.csv",
    "verbose": "1"
}
2024-07-02 02:29:41,563 P1465953 INFO Set up feature processor...
2024-07-02 02:29:41,563 P1465953 WARNING Skip rebuilding ../../../data/KKBox_csv/feature_map.json. Please delete it manually if rebuilding is required.
2024-07-02 02:29:41,563 P1465953 INFO Load feature_map from json: ../../../data/KKBox_csv/feature_map.json
2024-07-02 02:29:41,563 P1465953 INFO Set column index...
2024-07-02 02:29:41,563 P1465953 INFO Feature specs: {
    "artist_name": "{'source': '', 'type': 'sequence', 'feature_encoder': 'layers.MaskedAveragePooling()', 'padding_idx': 0, 'oov_idx': 11975, 'vocab_size': 11976, 'max_len': 3}",
    "bd": "{'source': '', 'type': 'categorical', 'padding_idx': 0, 'oov_idx': 8, 'vocab_size': 9}",
    "city": "{'source': '', 'type': 'categorical', 'padding_idx': 0, 'oov_idx': 22, 'vocab_size': 23}",
    "gender": "{'source': '', 'type': 'categorical', 'padding_idx': 0, 'oov_idx': 3, 'vocab_size': 4}",
    "genre_ids": "{'source': '', 'type': 'sequence', 'feature_encoder': 'layers.MaskedAveragePooling()', 'padding_idx': 0, 'oov_idx': 345, 'vocab_size': 346, 'max_len': 3}",
    "isrc": "{'source': '', 'type': 'categorical', 'padding_idx': 0, 'oov_idx': 79, 'vocab_size': 80}",
    "language": "{'source': '', 'type': 'categorical', 'padding_idx': 0, 'oov_idx': 11, 'vocab_size': 12}",
    "msno": "{'source': '', 'type': 'categorical', 'padding_idx': 0, 'oov_idx': 25962, 'vocab_size': 25963}",
    "registered_via": "{'source': '', 'type': 'categorical', 'padding_idx': 0, 'oov_idx': 6, 'vocab_size': 7}",
    "song_id": "{'source': '', 'type': 'categorical', 'padding_idx': 0, 'oov_idx': 53290, 'vocab_size': 53291}",
    "source_screen_name": "{'source': '', 'type': 'categorical', 'padding_idx': 0, 'oov_idx': 20, 'vocab_size': 21}",
    "source_system_tab": "{'source': '', 'type': 'categorical', 'padding_idx': 0, 'oov_idx': 9, 'vocab_size': 10}",
    "source_type": "{'source': '', 'type': 'categorical', 'padding_idx': 0, 'oov_idx': 13, 'vocab_size': 14}"
}
2024-07-02 02:29:46,565 P1465953 INFO Total number of parameters: 20074766.
2024-07-02 02:29:46,565 P1465953 INFO Loading data...
2024-07-02 02:29:46,565 P1465953 INFO Loading data from h5: ../../../data/KKBox_csv/train.h5
2024-07-02 02:29:47,946 P1465953 INFO Train samples: total/5901932, blocks/1
2024-07-02 02:29:47,946 P1465953 INFO Loading data from h5: ../../../data/KKBox_csv/valid.h5
2024-07-02 02:29:48,112 P1465953 INFO Validation samples: total/737743, blocks/1
2024-07-02 02:29:48,112 P1465953 INFO Loading train and validation data done.
2024-07-02 02:29:48,112 P1465953 INFO Start training: 591 batches/epoch
2024-07-02 02:29:48,112 P1465953 INFO ************ Epoch=1 start ************
2024-07-02 02:30:46,160 P1465953 INFO Train loss: 0.599637
2024-07-02 02:30:46,160 P1465953 INFO Evaluation @epoch 1 - batch 591: 
2024-07-02 02:30:49,567 P1465953 INFO ===
2024-07-02 02:30:49,568 P1465953 INFO [Metrics] AUC: 0.809609 - logloss: 0.530280
2024-07-02 02:30:49,573 P1465953 INFO Save best model: monitor(max)=0.809609
2024-07-02 02:30:49,932 P1465953 INFO ************ Epoch=1 end ************
2024-07-02 02:31:48,316 P1465953 INFO Train loss: 0.577214
2024-07-02 02:31:48,316 P1465953 INFO Evaluation @epoch 2 - batch 591: 
2024-07-02 02:31:51,849 P1465953 INFO ===
2024-07-02 02:31:51,850 P1465953 INFO [Metrics] AUC: 0.820024 - logloss: 0.518323
2024-07-02 02:31:51,858 P1465953 INFO Save best model: monitor(max)=0.820024
2024-07-02 02:31:52,535 P1465953 INFO ************ Epoch=2 end ************
2024-07-02 02:32:51,270 P1465953 INFO Train loss: 0.572166
2024-07-02 02:32:51,271 P1465953 INFO Evaluation @epoch 3 - batch 591: 
2024-07-02 02:32:54,789 P1465953 INFO ===
2024-07-02 02:32:54,790 P1465953 INFO [Metrics] AUC: 0.824494 - logloss: 0.512719
2024-07-02 02:32:54,790 P1465953 INFO Save best model: monitor(max)=0.824494
2024-07-02 02:32:55,469 P1465953 INFO ************ Epoch=3 end ************
2024-07-02 02:33:53,661 P1465953 INFO Train loss: 0.569088
2024-07-02 02:33:53,661 P1465953 INFO Evaluation @epoch 4 - batch 591: 
2024-07-02 02:33:56,782 P1465953 INFO ===
2024-07-02 02:33:56,783 P1465953 INFO [Metrics] AUC: 0.828318 - logloss: 0.508107
2024-07-02 02:33:56,783 P1465953 INFO Save best model: monitor(max)=0.828318
2024-07-02 02:33:57,429 P1465953 INFO ************ Epoch=4 end ************
2024-07-02 02:34:55,672 P1465953 INFO Train loss: 0.566970
2024-07-02 02:34:55,672 P1465953 INFO Evaluation @epoch 5 - batch 591: 
2024-07-02 02:34:58,910 P1465953 INFO ===
2024-07-02 02:34:58,911 P1465953 INFO [Metrics] AUC: 0.829827 - logloss: 0.505922
2024-07-02 02:34:58,911 P1465953 INFO Save best model: monitor(max)=0.829827
2024-07-02 02:34:59,559 P1465953 INFO ************ Epoch=5 end ************
2024-07-02 02:35:57,563 P1465953 INFO Train loss: 0.565604
2024-07-02 02:35:57,564 P1465953 INFO Evaluation @epoch 6 - batch 591: 
2024-07-02 02:36:00,764 P1465953 INFO ===
2024-07-02 02:36:00,764 P1465953 INFO [Metrics] AUC: 0.832016 - logloss: 0.503647
2024-07-02 02:36:00,771 P1465953 INFO Save best model: monitor(max)=0.832016
2024-07-02 02:36:01,438 P1465953 INFO ************ Epoch=6 end ************
2024-07-02 02:36:59,435 P1465953 INFO Train loss: 0.563836
2024-07-02 02:36:59,435 P1465953 INFO Evaluation @epoch 7 - batch 591: 
2024-07-02 02:37:02,594 P1465953 INFO ===
2024-07-02 02:37:02,594 P1465953 INFO [Metrics] AUC: 0.833329 - logloss: 0.501358
2024-07-02 02:37:02,594 P1465953 INFO Save best model: monitor(max)=0.833329
2024-07-02 02:37:03,218 P1465953 INFO ************ Epoch=7 end ************
2024-07-02 02:38:00,907 P1465953 INFO Train loss: 0.563090
2024-07-02 02:38:00,908 P1465953 INFO Evaluation @epoch 8 - batch 591: 
2024-07-02 02:38:04,468 P1465953 INFO ===
2024-07-02 02:38:04,468 P1465953 INFO [Metrics] AUC: 0.834004 - logloss: 0.500472
2024-07-02 02:38:04,474 P1465953 INFO Save best model: monitor(max)=0.834004
2024-07-02 02:38:05,172 P1465953 INFO ************ Epoch=8 end ************
2024-07-02 02:39:03,279 P1465953 INFO Train loss: 0.561452
2024-07-02 02:39:03,279 P1465953 INFO Evaluation @epoch 9 - batch 591: 
2024-07-02 02:39:06,537 P1465953 INFO ===
2024-07-02 02:39:06,538 P1465953 INFO [Metrics] AUC: 0.835544 - logloss: 0.498673
2024-07-02 02:39:06,544 P1465953 INFO Save best model: monitor(max)=0.835544
2024-07-02 02:39:07,248 P1465953 INFO ************ Epoch=9 end ************
2024-07-02 02:40:05,452 P1465953 INFO Train loss: 0.560674
2024-07-02 02:40:05,452 P1465953 INFO Evaluation @epoch 10 - batch 591: 
2024-07-02 02:40:08,891 P1465953 INFO ===
2024-07-02 02:40:08,891 P1465953 INFO [Metrics] AUC: 0.836273 - logloss: 0.497505
2024-07-02 02:40:08,891 P1465953 INFO Save best model: monitor(max)=0.836273
2024-07-02 02:40:09,533 P1465953 INFO ************ Epoch=10 end ************
2024-07-02 02:41:07,827 P1465953 INFO Train loss: 0.559908
2024-07-02 02:41:07,828 P1465953 INFO Evaluation @epoch 11 - batch 591: 
2024-07-02 02:41:11,187 P1465953 INFO ===
2024-07-02 02:41:11,187 P1465953 INFO [Metrics] AUC: 0.837130 - logloss: 0.496364
2024-07-02 02:41:11,194 P1465953 INFO Save best model: monitor(max)=0.837130
2024-07-02 02:41:11,852 P1465953 INFO ************ Epoch=11 end ************
2024-07-02 02:42:10,130 P1465953 INFO Train loss: 0.559434
2024-07-02 02:42:10,131 P1465953 INFO Evaluation @epoch 12 - batch 591: 
2024-07-02 02:42:13,473 P1465953 INFO ===
2024-07-02 02:42:13,474 P1465953 INFO [Metrics] AUC: 0.837782 - logloss: 0.495256
2024-07-02 02:42:13,481 P1465953 INFO Save best model: monitor(max)=0.837782
2024-07-02 02:42:14,152 P1465953 INFO ************ Epoch=12 end ************
2024-07-02 02:43:12,326 P1465953 INFO Train loss: 0.558659
2024-07-02 02:43:12,327 P1465953 INFO Evaluation @epoch 13 - batch 591: 
2024-07-02 02:43:15,610 P1465953 INFO ===
2024-07-02 02:43:15,610 P1465953 INFO [Metrics] AUC: 0.838345 - logloss: 0.494597
2024-07-02 02:43:15,617 P1465953 INFO Save best model: monitor(max)=0.838345
2024-07-02 02:43:16,272 P1465953 INFO ************ Epoch=13 end ************
2024-07-02 02:44:14,740 P1465953 INFO Train loss: 0.558024
2024-07-02 02:44:14,741 P1465953 INFO Evaluation @epoch 14 - batch 591: 
2024-07-02 02:44:18,036 P1465953 INFO ===
2024-07-02 02:44:18,036 P1465953 INFO [Metrics] AUC: 0.839042 - logloss: 0.493863
2024-07-02 02:44:18,037 P1465953 INFO Save best model: monitor(max)=0.839042
2024-07-02 02:44:18,676 P1465953 INFO ************ Epoch=14 end ************
2024-07-02 02:45:16,286 P1465953 INFO Train loss: 0.557673
2024-07-02 02:45:16,286 P1465953 INFO Evaluation @epoch 15 - batch 591: 
2024-07-02 02:45:19,491 P1465953 INFO ===
2024-07-02 02:45:19,492 P1465953 INFO [Metrics] AUC: 0.839877 - logloss: 0.492884
2024-07-02 02:45:19,499 P1465953 INFO Save best model: monitor(max)=0.839877
2024-07-02 02:45:20,202 P1465953 INFO ************ Epoch=15 end ************
2024-07-02 02:46:18,656 P1465953 INFO Train loss: 0.557419
2024-07-02 02:46:18,656 P1465953 INFO Evaluation @epoch 16 - batch 591: 
2024-07-02 02:46:22,089 P1465953 INFO ===
2024-07-02 02:46:22,090 P1465953 INFO [Metrics] AUC: 0.840070 - logloss: 0.492486
2024-07-02 02:46:22,097 P1465953 INFO Save best model: monitor(max)=0.840070
2024-07-02 02:46:22,829 P1465953 INFO ************ Epoch=16 end ************
2024-07-02 02:47:21,716 P1465953 INFO Train loss: 0.556617
2024-07-02 02:47:21,716 P1465953 INFO Evaluation @epoch 17 - batch 591: 
2024-07-02 02:47:25,054 P1465953 INFO ===
2024-07-02 02:47:25,054 P1465953 INFO [Metrics] AUC: 0.840551 - logloss: 0.491799
2024-07-02 02:47:25,060 P1465953 INFO Save best model: monitor(max)=0.840551
2024-07-02 02:47:25,747 P1465953 INFO ************ Epoch=17 end ************
2024-07-02 02:48:24,740 P1465953 INFO Train loss: 0.556152
2024-07-02 02:48:24,740 P1465953 INFO Evaluation @epoch 18 - batch 591: 
2024-07-02 02:48:27,508 P1465953 INFO ===
2024-07-02 02:48:27,509 P1465953 INFO [Metrics] AUC: 0.840733 - logloss: 0.491621
2024-07-02 02:48:27,509 P1465953 INFO Save best model: monitor(max)=0.840733
2024-07-02 02:48:28,129 P1465953 INFO ************ Epoch=18 end ************
2024-07-02 02:49:26,410 P1465953 INFO Train loss: 0.555683
2024-07-02 02:49:26,411 P1465953 INFO Evaluation @epoch 19 - batch 591: 
2024-07-02 02:49:30,108 P1465953 INFO ===
2024-07-02 02:49:30,108 P1465953 INFO [Metrics] AUC: 0.841535 - logloss: 0.490503
2024-07-02 02:49:30,117 P1465953 INFO Save best model: monitor(max)=0.841535
2024-07-02 02:49:30,877 P1465953 INFO ************ Epoch=19 end ************
2024-07-02 02:50:30,186 P1465953 INFO Train loss: 0.555264
2024-07-02 02:50:30,187 P1465953 INFO Evaluation @epoch 20 - batch 591: 
2024-07-02 02:50:33,669 P1465953 INFO ===
2024-07-02 02:50:33,670 P1465953 INFO [Metrics] AUC: 0.841721 - logloss: 0.490251
2024-07-02 02:50:33,677 P1465953 INFO Save best model: monitor(max)=0.841721
2024-07-02 02:50:34,440 P1465953 INFO ************ Epoch=20 end ************
2024-07-02 02:51:33,125 P1465953 INFO Train loss: 0.555014
2024-07-02 02:51:33,125 P1465953 INFO Evaluation @epoch 21 - batch 591: 
2024-07-02 02:51:36,348 P1465953 INFO ===
2024-07-02 02:51:36,349 P1465953 INFO [Metrics] AUC: 0.842219 - logloss: 0.489667
2024-07-02 02:51:36,358 P1465953 INFO Save best model: monitor(max)=0.842219
2024-07-02 02:51:37,149 P1465953 INFO ************ Epoch=21 end ************
2024-07-02 02:52:35,718 P1465953 INFO Train loss: 0.554670
2024-07-02 02:52:35,719 P1465953 INFO Evaluation @epoch 22 - batch 591: 
2024-07-02 02:52:39,390 P1465953 INFO ===
2024-07-02 02:52:39,391 P1465953 INFO [Metrics] AUC: 0.842027 - logloss: 0.490285
2024-07-02 02:52:39,391 P1465953 INFO Monitor(max)=0.842027 STOP!
2024-07-02 02:52:39,391 P1465953 INFO Reduce learning rate on plateau: 0.000100
2024-07-02 02:52:39,606 P1465953 INFO ************ Epoch=22 end ************
2024-07-02 02:53:38,391 P1465953 INFO Train loss: 0.492530
2024-07-02 02:53:38,392 P1465953 INFO Evaluation @epoch 23 - batch 591: 
2024-07-02 02:53:42,033 P1465953 INFO ===
2024-07-02 02:53:42,034 P1465953 INFO [Metrics] AUC: 0.852753 - logloss: 0.477198
2024-07-02 02:53:42,040 P1465953 INFO Save best model: monitor(max)=0.852753
2024-07-02 02:53:42,770 P1465953 INFO ************ Epoch=23 end ************
2024-07-02 02:54:41,569 P1465953 INFO Train loss: 0.462988
2024-07-02 02:54:41,570 P1465953 INFO Evaluation @epoch 24 - batch 591: 
2024-07-02 02:54:45,037 P1465953 INFO ===
2024-07-02 02:54:45,038 P1465953 INFO [Metrics] AUC: 0.855188 - logloss: 0.475938
2024-07-02 02:54:45,045 P1465953 INFO Save best model: monitor(max)=0.855188
2024-07-02 02:54:45,742 P1465953 INFO ************ Epoch=24 end ************
2024-07-02 02:55:44,279 P1465953 INFO Train loss: 0.449431
2024-07-02 02:55:44,280 P1465953 INFO Evaluation @epoch 25 - batch 591: 
2024-07-02 02:55:47,790 P1465953 INFO ===
2024-07-02 02:55:47,791 P1465953 INFO [Metrics] AUC: 0.855634 - logloss: 0.476741
2024-07-02 02:55:47,799 P1465953 INFO Save best model: monitor(max)=0.855634
2024-07-02 02:55:48,533 P1465953 INFO ************ Epoch=25 end ************
2024-07-02 02:56:47,124 P1465953 INFO Train loss: 0.440080
2024-07-02 02:56:47,125 P1465953 INFO Evaluation @epoch 26 - batch 591: 
2024-07-02 02:56:50,519 P1465953 INFO ===
2024-07-02 02:56:50,520 P1465953 INFO [Metrics] AUC: 0.855392 - logloss: 0.479841
2024-07-02 02:56:50,526 P1465953 INFO Monitor(max)=0.855392 STOP!
2024-07-02 02:56:50,526 P1465953 INFO Reduce learning rate on plateau: 0.000010
2024-07-02 02:56:50,740 P1465953 INFO ************ Epoch=26 end ************
2024-07-02 02:57:49,469 P1465953 INFO Train loss: 0.412685
2024-07-02 02:57:49,470 P1465953 INFO Evaluation @epoch 27 - batch 591: 
2024-07-02 02:57:52,899 P1465953 INFO ===
2024-07-02 02:57:52,900 P1465953 INFO [Metrics] AUC: 0.853761 - logloss: 0.492305
2024-07-02 02:57:52,904 P1465953 INFO Monitor(max)=0.853761 STOP!
2024-07-02 02:57:52,904 P1465953 INFO Reduce learning rate on plateau: 0.000001
2024-07-02 02:57:52,904 P1465953 INFO ********* Epoch==27 early stop *********
2024-07-02 02:57:53,093 P1465953 INFO Training finished.
2024-07-02 02:57:53,094 P1465953 INFO Load best model: /mnt/public/lhh/code/model_zoo/DCNv3/DCNv3_torch/checkpoints/KKBox_csv/SDCNv3_KKBox_x10_039_6bbbd428.model
2024-07-02 02:57:53,180 P1465953 INFO ****** Validation evaluation ******
2024-07-02 02:57:56,533 P1465953 INFO ===
2024-07-02 02:57:56,534 P1465953 INFO [Metrics] logloss: 0.476741 - AUC: 0.855634
2024-07-02 02:57:56,604 P1465953 INFO ******** Test evaluation ********
2024-07-02 02:57:56,604 P1465953 INFO Loading data...
2024-07-02 02:57:56,604 P1465953 INFO Loading data from h5: ../../../data/KKBox_csv/test.h5
2024-07-02 02:57:56,866 P1465953 INFO Test samples: total/737743, blocks/1
2024-07-02 02:57:56,866 P1465953 INFO Loading test data done.
2024-07-02 02:58:00,252 P1465953 INFO ===
2024-07-02 02:58:00,252 P1465953 INFO [Metrics] logloss: 0.476532 - AUC: 0.855714
