2024-07-01 16:40:34,409 P280751 INFO Params: {
    "batch_norm": "False",
    "batch_size": "4096",
    "data_format": "h5",
    "data_root": "../../../data/",
    "dataset_id": "Criteo_x4_10_h5",
    "debug_mode": "False",
    "early_stop_patience": "2",
    "embedding_dim": "16",
    "embedding_regularizer": "1e-05",
    "epochs": "100",
    "eval_steps": "None",
    "feature_cols": "[{'active': True, 'dtype': 'float', 'fill_na': 0, 'na_value': 0, 'name': ['I1', 'I2', 'I3', 'I4', 'I5', 'I6', 'I7', 'I8', 'I9', 'I10', 'I11', 'I12', 'I13'], 'preprocess': 'convert_to_bucket', 'type': 'categorical'}, {'active': True, 'dtype': 'str', 'fill_na': '', 'na_value': '', 'name': ['C1', 'C2', 'C3', 'C4', 'C5', 'C6', 'C7', 'C8', 'C9', 'C10', 'C11', 'C12', 'C13', 'C14', 'C15', 'C16', 'C17', 'C18', 'C19', 'C20', 'C21', 'C22', 'C23', 'C24', 'C25', 'C26'], 'type': 'categorical'}]",
    "feature_config": "None",
    "feature_specs": "None",
    "gpu": "0",
    "group_id": "None",
    "label_col": "{'dtype': 'float', 'name': 'Label'}",
    "layer_norm": "True",
    "learning_rate": "0.001",
    "loss": "binary_crossentropy",
    "metrics": "['logloss', 'AUC']",
    "min_categr_count": "10",
    "model": "ECN",
    "model_id": "ECN_Criteo_003_97e99fbf",
    "model_root": "./checkpoints/",
    "monitor": "{'AUC': 1, 'logloss': 0}",
    "monitor_mode": "max",
    "net_dropout": "0.1",
    "net_regularizer": "0",
    "num_cross_layers": "3",
    "num_heads": "1",
    "num_workers": "8",
    "optimizer": "adam",
    "pickle_feature_encoder": "True",
    "save_best_only": "True",
    "seed": "2024",
    "shuffle": "True",
    "task": "binary_classification",
    "test_data": "../../../data/Criteo_x4_10_h5/test.h5",
    "train_data": "../../../data/Criteo_x4_10_h5/train.h5",
    "use_features": "None",
    "valid_data": "../../../data/Criteo_x4_10_h5/valid.h5",
    "verbose": "1"
}
2024-07-01 16:40:34,409 P280751 INFO Load feature_map from json: ../../../data/Criteo_x4_10_h5/feature_map.json
2024-07-01 16:40:34,410 P280751 INFO Set column index...
2024-07-01 16:40:34,410 P280751 INFO Feature specs: {
    "C1": "{'source': '', 'type': 'categorical', 'padding_idx': 0, 'oov_idx': 1445, 'vocab_size': 1446}",
    "C10": "{'source': '', 'type': 'categorical', 'padding_idx': 0, 'oov_idx': 39529, 'vocab_size': 39530}",
    "C11": "{'source': '', 'type': 'categorical', 'padding_idx': 0, 'oov_idx': 5130, 'vocab_size': 5131}",
    "C12": "{'source': '', 'type': 'categorical', 'padding_idx': 0, 'oov_idx': 156655, 'vocab_size': 156656}",
    "C13": "{'source': '', 'type': 'categorical', 'padding_idx': 0, 'oov_idx': 3175, 'vocab_size': 3176}",
    "C14": "{'source': '', 'type': 'categorical', 'padding_idx': 0, 'oov_idx': 27, 'vocab_size': 28}",
    "C15": "{'source': '', 'type': 'categorical', 'padding_idx': 0, 'oov_idx': 11042, 'vocab_size': 11043}",
    "C16": "{'source': '', 'type': 'categorical', 'padding_idx': 0, 'oov_idx': 148912, 'vocab_size': 148913}",
    "C17": "{'source': '', 'type': 'categorical', 'padding_idx': 0, 'oov_idx': 11, 'vocab_size': 12}",
    "C18": "{'source': '', 'type': 'categorical', 'padding_idx': 0, 'oov_idx': 4559, 'vocab_size': 4560}",
    "C19": "{'source': '', 'type': 'categorical', 'padding_idx': 0, 'oov_idx': 2002, 'vocab_size': 2003}",
    "C2": "{'source': '', 'type': 'categorical', 'padding_idx': 0, 'oov_idx': 553, 'vocab_size': 554}",
    "C20": "{'source': '', 'type': 'categorical', 'padding_idx': 0, 'oov_idx': 4, 'vocab_size': 5}",
    "C21": "{'source': '', 'type': 'categorical', 'padding_idx': 0, 'oov_idx': 154563, 'vocab_size': 154564}",
    "C22": "{'source': '', 'type': 'categorical', 'padding_idx': 0, 'oov_idx': 17, 'vocab_size': 18}",
    "C23": "{'source': '', 'type': 'categorical', 'padding_idx': 0, 'oov_idx': 16, 'vocab_size': 17}",
    "C24": "{'source': '', 'type': 'categorical', 'padding_idx': 0, 'oov_idx': 53030, 'vocab_size': 53031}",
    "C25": "{'source': '', 'type': 'categorical', 'padding_idx': 0, 'oov_idx': 81, 'vocab_size': 82}",
    "C26": "{'source': '', 'type': 'categorical', 'padding_idx': 0, 'oov_idx': 40954, 'vocab_size': 40955}",
    "C3": "{'source': '', 'type': 'categorical', 'padding_idx': 0, 'oov_idx': 157338, 'vocab_size': 157339}",
    "C4": "{'source': '', 'type': 'categorical', 'padding_idx': 0, 'oov_idx': 117821, 'vocab_size': 117822}",
    "C5": "{'source': '', 'type': 'categorical', 'padding_idx': 0, 'oov_idx': 305, 'vocab_size': 306}",
    "C6": "{'source': '', 'type': 'categorical', 'padding_idx': 0, 'oov_idx': 17, 'vocab_size': 18}",
    "C7": "{'source': '', 'type': 'categorical', 'padding_idx': 0, 'oov_idx': 11881, 'vocab_size': 11882}",
    "C8": "{'source': '', 'type': 'categorical', 'padding_idx': 0, 'oov_idx': 629, 'vocab_size': 630}",
    "C9": "{'source': '', 'type': 'categorical', 'padding_idx': 0, 'oov_idx': 4, 'vocab_size': 5}",
    "I1": "{'source': '', 'type': 'categorical', 'padding_idx': 0, 'oov_idx': 43, 'vocab_size': 44}",
    "I10": "{'source': '', 'type': 'categorical', 'padding_idx': 0, 'oov_idx': 5, 'vocab_size': 6}",
    "I11": "{'source': '', 'type': 'categorical', 'padding_idx': 0, 'oov_idx': 26, 'vocab_size': 27}",
    "I12": "{'source': '', 'type': 'categorical', 'padding_idx': 0, 'oov_idx': 36, 'vocab_size': 37}",
    "I13": "{'source': '', 'type': 'categorical', 'padding_idx': 0, 'oov_idx': 71, 'vocab_size': 72}",
    "I2": "{'source': '', 'type': 'categorical', 'padding_idx': 0, 'oov_idx': 98, 'vocab_size': 99}",
    "I3": "{'source': '', 'type': 'categorical', 'padding_idx': 0, 'oov_idx': 121, 'vocab_size': 122}",
    "I4": "{'source': '', 'type': 'categorical', 'padding_idx': 0, 'oov_idx': 40, 'vocab_size': 41}",
    "I5": "{'source': '', 'type': 'categorical', 'padding_idx': 0, 'oov_idx': 219, 'vocab_size': 220}",
    "I6": "{'source': '', 'type': 'categorical', 'padding_idx': 0, 'oov_idx': 111, 'vocab_size': 112}",
    "I7": "{'source': '', 'type': 'categorical', 'padding_idx': 0, 'oov_idx': 79, 'vocab_size': 80}",
    "I8": "{'source': '', 'type': 'categorical', 'padding_idx': 0, 'oov_idx': 68, 'vocab_size': 69}",
    "I9": "{'source': '', 'type': 'categorical', 'padding_idx': 0, 'oov_idx': 91, 'vocab_size': 92}"
}
2024-07-01 16:40:38,715 P280751 INFO Total number of parameters: 15160385.
2024-07-01 16:40:38,716 P280751 INFO Loading data...
2024-07-01 16:40:38,716 P280751 INFO Loading data from h5: ../../../data/Criteo_x4_10_h5/train.h5
2024-07-01 16:40:55,609 P280751 INFO Train samples: total/36672493, blocks/1
2024-07-01 16:40:55,609 P280751 INFO Loading data from h5: ../../../data/Criteo_x4_10_h5/valid.h5
2024-07-01 16:40:57,749 P280751 INFO Validation samples: total/4584062, blocks/1
2024-07-01 16:40:57,749 P280751 INFO Loading train and validation data done.
2024-07-01 16:40:57,750 P280751 INFO Start training: 8954 batches/epoch
2024-07-01 16:40:57,750 P280751 INFO ************ Epoch=1 start ************
2024-07-01 16:45:01,168 P280751 INFO Train loss: 0.463241
2024-07-01 16:45:01,168 P280751 INFO Evaluation @epoch 1 - batch 8954: 
2024-07-01 16:45:15,202 P280751 INFO ===
2024-07-01 16:45:15,202 P280751 INFO [Metrics] AUC: 0.804512 - logloss: 0.446609
2024-07-01 16:45:15,208 P280751 INFO Save best model: monitor(max)=0.804512
2024-07-01 16:45:15,959 P280751 INFO ************ Epoch=1 end ************
2024-07-01 16:50:00,040 P280751 INFO Train loss: 0.457738
2024-07-01 16:50:00,041 P280751 INFO Evaluation @epoch 2 - batch 8954: 
2024-07-01 16:50:16,705 P280751 INFO ===
2024-07-01 16:50:16,705 P280751 INFO [Metrics] AUC: 0.806737 - logloss: 0.444778
2024-07-01 16:50:16,715 P280751 INFO Save best model: monitor(max)=0.806737
2024-07-01 16:50:17,371 P280751 INFO ************ Epoch=2 end ************
2024-07-01 16:55:03,446 P280751 INFO Train loss: 0.455697
2024-07-01 16:55:03,446 P280751 INFO Evaluation @epoch 3 - batch 8954: 
2024-07-01 16:55:19,948 P280751 INFO ===
2024-07-01 16:55:19,949 P280751 INFO [Metrics] AUC: 0.807957 - logloss: 0.443449
2024-07-01 16:55:19,959 P280751 INFO Save best model: monitor(max)=0.807957
2024-07-01 16:55:20,676 P280751 INFO ************ Epoch=3 end ************
2024-07-01 17:00:07,399 P280751 INFO Train loss: 0.454542
2024-07-01 17:00:07,400 P280751 INFO Evaluation @epoch 4 - batch 8954: 
2024-07-01 17:00:23,800 P280751 INFO ===
2024-07-01 17:00:23,800 P280751 INFO [Metrics] AUC: 0.808908 - logloss: 0.442574
2024-07-01 17:00:23,810 P280751 INFO Save best model: monitor(max)=0.808908
2024-07-01 17:00:24,549 P280751 INFO ************ Epoch=4 end ************
2024-07-01 17:05:11,571 P280751 INFO Train loss: 0.453790
2024-07-01 17:05:11,572 P280751 INFO Evaluation @epoch 5 - batch 8954: 
2024-07-01 17:05:27,211 P280751 INFO ===
2024-07-01 17:05:27,212 P280751 INFO [Metrics] AUC: 0.809421 - logloss: 0.442109
2024-07-01 17:05:27,222 P280751 INFO Save best model: monitor(max)=0.809421
2024-07-01 17:05:27,905 P280751 INFO ************ Epoch=5 end ************
2024-07-01 17:10:14,536 P280751 INFO Train loss: 0.453259
2024-07-01 17:10:14,536 P280751 INFO Evaluation @epoch 6 - batch 8954: 
2024-07-01 17:10:30,590 P280751 INFO ===
2024-07-01 17:10:30,590 P280751 INFO [Metrics] AUC: 0.809690 - logloss: 0.441803
2024-07-01 17:10:30,600 P280751 INFO Save best model: monitor(max)=0.809690
2024-07-01 17:10:31,354 P280751 INFO ************ Epoch=6 end ************
2024-07-01 17:15:16,551 P280751 INFO Train loss: 0.452927
2024-07-01 17:15:16,551 P280751 INFO Evaluation @epoch 7 - batch 8954: 
2024-07-01 17:15:32,718 P280751 INFO ===
2024-07-01 17:15:32,718 P280751 INFO [Metrics] AUC: 0.809900 - logloss: 0.441641
2024-07-01 17:15:32,728 P280751 INFO Save best model: monitor(max)=0.809900
2024-07-01 17:15:33,406 P280751 INFO ************ Epoch=7 end ************
2024-07-01 17:20:19,549 P280751 INFO Train loss: 0.452651
2024-07-01 17:20:19,550 P280751 INFO Evaluation @epoch 8 - batch 8954: 
2024-07-01 17:20:35,752 P280751 INFO ===
2024-07-01 17:20:35,752 P280751 INFO [Metrics] AUC: 0.810099 - logloss: 0.441454
2024-07-01 17:20:35,760 P280751 INFO Save best model: monitor(max)=0.810099
2024-07-01 17:20:36,425 P280751 INFO ************ Epoch=8 end ************
2024-07-01 17:25:23,184 P280751 INFO Train loss: 0.452377
2024-07-01 17:25:23,185 P280751 INFO Evaluation @epoch 9 - batch 8954: 
2024-07-01 17:25:39,578 P280751 INFO ===
2024-07-01 17:25:39,578 P280751 INFO [Metrics] AUC: 0.810137 - logloss: 0.441482
2024-07-01 17:25:39,588 P280751 INFO Save best model: monitor(max)=0.810137
2024-07-01 17:25:40,327 P280751 INFO ************ Epoch=9 end ************
2024-07-01 17:30:27,579 P280751 INFO Train loss: 0.452211
2024-07-01 17:30:27,579 P280751 INFO Evaluation @epoch 10 - batch 8954: 
2024-07-01 17:30:43,726 P280751 INFO ===
2024-07-01 17:30:43,726 P280751 INFO [Metrics] AUC: 0.810393 - logloss: 0.441193
2024-07-01 17:30:43,735 P280751 INFO Save best model: monitor(max)=0.810393
2024-07-01 17:30:44,444 P280751 INFO ************ Epoch=10 end ************
2024-07-01 17:35:31,276 P280751 INFO Train loss: 0.452070
2024-07-01 17:35:31,277 P280751 INFO Evaluation @epoch 11 - batch 8954: 
2024-07-01 17:35:46,788 P280751 INFO ===
2024-07-01 17:35:46,788 P280751 INFO [Metrics] AUC: 0.810340 - logloss: 0.441251
2024-07-01 17:35:46,798 P280751 INFO Monitor(max)=0.810340 STOP!
2024-07-01 17:35:46,798 P280751 INFO Reduce learning rate on plateau: 0.000100
2024-07-01 17:35:47,400 P280751 INFO ************ Epoch=11 end ************
2024-07-01 17:40:31,789 P280751 INFO Train loss: 0.441882
2024-07-01 17:40:31,789 P280751 INFO Evaluation @epoch 12 - batch 8954: 
2024-07-01 17:40:52,669 P280751 INFO ===
2024-07-01 17:40:52,670 P280751 INFO [Metrics] AUC: 0.814040 - logloss: 0.437783
2024-07-01 17:40:52,680 P280751 INFO Save best model: monitor(max)=0.814040
2024-07-01 17:40:53,382 P280751 INFO ************ Epoch=12 end ************
2024-07-01 17:45:39,524 P280751 INFO Train loss: 0.438092
2024-07-01 17:45:39,525 P280751 INFO Evaluation @epoch 13 - batch 8954: 
2024-07-01 17:45:58,551 P280751 INFO ===
2024-07-01 17:45:58,552 P280751 INFO [Metrics] AUC: 0.814681 - logloss: 0.437229
2024-07-01 17:45:58,562 P280751 INFO Save best model: monitor(max)=0.814681
2024-07-01 17:45:59,298 P280751 INFO ************ Epoch=13 end ************
2024-07-01 17:50:44,028 P280751 INFO Train loss: 0.436622
2024-07-01 17:50:44,028 P280751 INFO Evaluation @epoch 14 - batch 8954: 
2024-07-01 17:51:02,791 P280751 INFO ===
2024-07-01 17:51:02,791 P280751 INFO [Metrics] AUC: 0.814926 - logloss: 0.436995
2024-07-01 17:51:02,801 P280751 INFO Save best model: monitor(max)=0.814926
2024-07-01 17:51:03,543 P280751 INFO ************ Epoch=14 end ************
2024-07-01 17:55:49,234 P280751 INFO Train loss: 0.435676
2024-07-01 17:55:49,234 P280751 INFO Evaluation @epoch 15 - batch 8954: 
2024-07-01 17:56:08,559 P280751 INFO ===
2024-07-01 17:56:08,559 P280751 INFO [Metrics] AUC: 0.815004 - logloss: 0.436958
2024-07-01 17:56:08,569 P280751 INFO Save best model: monitor(max)=0.815004
2024-07-01 17:56:09,294 P280751 INFO ************ Epoch=15 end ************
2024-07-01 18:00:55,307 P280751 INFO Train loss: 0.434918
2024-07-01 18:00:55,308 P280751 INFO Evaluation @epoch 16 - batch 8954: 
2024-07-01 18:01:12,608 P280751 INFO ===
2024-07-01 18:01:12,608 P280751 INFO [Metrics] AUC: 0.814953 - logloss: 0.437004
2024-07-01 18:01:12,618 P280751 INFO Monitor(max)=0.814953 STOP!
2024-07-01 18:01:12,618 P280751 INFO Reduce learning rate on plateau: 0.000010
2024-07-01 18:01:13,258 P280751 INFO ************ Epoch=16 end ************
2024-07-01 18:05:59,385 P280751 INFO Train loss: 0.431438
2024-07-01 18:05:59,386 P280751 INFO Evaluation @epoch 17 - batch 8954: 
2024-07-01 18:06:16,632 P280751 INFO ===
2024-07-01 18:06:16,632 P280751 INFO [Metrics] AUC: 0.814839 - logloss: 0.437294
2024-07-01 18:06:16,642 P280751 INFO Monitor(max)=0.814839 STOP!
2024-07-01 18:06:16,642 P280751 INFO Reduce learning rate on plateau: 0.000001
2024-07-01 18:06:16,642 P280751 INFO ********* Epoch==17 early stop *********
2024-07-01 18:06:17,334 P280751 INFO Training finished.
2024-07-01 18:06:17,334 P280751 INFO Load best model: /root/autodl-tmp/model_zoo/ECN/ECN_torch/checkpoints/Criteo_x4_10_h5/ECN_Criteo_003_97e99fbf.model
2024-07-01 18:06:17,368 P280751 INFO ****** Validation evaluation ******
2024-07-01 18:06:33,071 P280751 INFO ===
2024-07-01 18:06:33,071 P280751 INFO [Metrics] logloss: 0.436958 - AUC: 0.815004
2024-07-01 18:06:33,962 P280751 INFO ******** Test evaluation ********
2024-07-01 18:06:33,962 P280751 INFO Loading data...
2024-07-01 18:06:33,963 P280751 INFO Loading data from h5: ../../../data/Criteo_x4_10_h5/test.h5
2024-07-01 18:06:36,138 P280751 INFO Test samples: total/4584062, blocks/1
2024-07-01 18:06:36,138 P280751 INFO Loading test data done.
2024-07-01 18:06:54,485 P280751 INFO ===
2024-07-01 18:06:54,485 P280751 INFO [Metrics] logloss: 0.436567 - AUC: 0.815460
