2024-07-01 15:16:26,380 P168482 INFO Params: {
    "batch_norm": "False",
    "batch_size": "4096",
    "data_format": "h5",
    "data_root": "../../../data/",
    "dataset_id": "Criteo_x4_10_h5",
    "debug_mode": "False",
    "early_stop_patience": "2",
    "embedding_dim": "16",
    "embedding_regularizer": "1e-05",
    "epochs": "100",
    "eval_steps": "None",
    "feature_cols": "[{'active': True, 'dtype': 'float', 'fill_na': 0, 'na_value': 0, 'name': ['I1', 'I2', 'I3', 'I4', 'I5', 'I6', 'I7', 'I8', 'I9', 'I10', 'I11', 'I12', 'I13'], 'preprocess': 'convert_to_bucket', 'type': 'categorical'}, {'active': True, 'dtype': 'str', 'fill_na': '', 'na_value': '', 'name': ['C1', 'C2', 'C3', 'C4', 'C5', 'C6', 'C7', 'C8', 'C9', 'C10', 'C11', 'C12', 'C13', 'C14', 'C15', 'C16', 'C17', 'C18', 'C19', 'C20', 'C21', 'C22', 'C23', 'C24', 'C25', 'C26'], 'type': 'categorical'}]",
    "feature_config": "None",
    "feature_specs": "None",
    "gpu": "0",
    "group_id": "None",
    "label_col": "{'dtype': 'float', 'name': 'Label'}",
    "layer_norm": "True",
    "learning_rate": "0.001",
    "loss": "binary_crossentropy",
    "metrics": "['logloss', 'AUC']",
    "min_categr_count": "10",
    "model": "ECN",
    "model_id": "ECN_Criteo_001_38280f23",
    "model_root": "./checkpoints/",
    "monitor": "{'AUC': 1, 'logloss': 0}",
    "monitor_mode": "max",
    "net_dropout": "0.1",
    "net_regularizer": "0",
    "num_cross_layers": "1",
    "num_heads": "1",
    "num_workers": "8",
    "optimizer": "adam",
    "pickle_feature_encoder": "True",
    "save_best_only": "True",
    "seed": "2024",
    "shuffle": "True",
    "task": "binary_classification",
    "test_data": "../../../data/Criteo_x4_10_h5/test.h5",
    "train_data": "../../../data/Criteo_x4_10_h5/train.h5",
    "use_features": "None",
    "valid_data": "../../../data/Criteo_x4_10_h5/valid.h5",
    "verbose": "1"
}
2024-07-01 15:16:26,381 P168482 INFO Load feature_map from json: ../../../data/Criteo_x4_10_h5/feature_map.json
2024-07-01 15:16:26,381 P168482 INFO Set column index...
2024-07-01 15:16:26,381 P168482 INFO Feature specs: {
    "C1": "{'source': '', 'type': 'categorical', 'padding_idx': 0, 'oov_idx': 1445, 'vocab_size': 1446}",
    "C10": "{'source': '', 'type': 'categorical', 'padding_idx': 0, 'oov_idx': 39529, 'vocab_size': 39530}",
    "C11": "{'source': '', 'type': 'categorical', 'padding_idx': 0, 'oov_idx': 5130, 'vocab_size': 5131}",
    "C12": "{'source': '', 'type': 'categorical', 'padding_idx': 0, 'oov_idx': 156655, 'vocab_size': 156656}",
    "C13": "{'source': '', 'type': 'categorical', 'padding_idx': 0, 'oov_idx': 3175, 'vocab_size': 3176}",
    "C14": "{'source': '', 'type': 'categorical', 'padding_idx': 0, 'oov_idx': 27, 'vocab_size': 28}",
    "C15": "{'source': '', 'type': 'categorical', 'padding_idx': 0, 'oov_idx': 11042, 'vocab_size': 11043}",
    "C16": "{'source': '', 'type': 'categorical', 'padding_idx': 0, 'oov_idx': 148912, 'vocab_size': 148913}",
    "C17": "{'source': '', 'type': 'categorical', 'padding_idx': 0, 'oov_idx': 11, 'vocab_size': 12}",
    "C18": "{'source': '', 'type': 'categorical', 'padding_idx': 0, 'oov_idx': 4559, 'vocab_size': 4560}",
    "C19": "{'source': '', 'type': 'categorical', 'padding_idx': 0, 'oov_idx': 2002, 'vocab_size': 2003}",
    "C2": "{'source': '', 'type': 'categorical', 'padding_idx': 0, 'oov_idx': 553, 'vocab_size': 554}",
    "C20": "{'source': '', 'type': 'categorical', 'padding_idx': 0, 'oov_idx': 4, 'vocab_size': 5}",
    "C21": "{'source': '', 'type': 'categorical', 'padding_idx': 0, 'oov_idx': 154563, 'vocab_size': 154564}",
    "C22": "{'source': '', 'type': 'categorical', 'padding_idx': 0, 'oov_idx': 17, 'vocab_size': 18}",
    "C23": "{'source': '', 'type': 'categorical', 'padding_idx': 0, 'oov_idx': 16, 'vocab_size': 17}",
    "C24": "{'source': '', 'type': 'categorical', 'padding_idx': 0, 'oov_idx': 53030, 'vocab_size': 53031}",
    "C25": "{'source': '', 'type': 'categorical', 'padding_idx': 0, 'oov_idx': 81, 'vocab_size': 82}",
    "C26": "{'source': '', 'type': 'categorical', 'padding_idx': 0, 'oov_idx': 40954, 'vocab_size': 40955}",
    "C3": "{'source': '', 'type': 'categorical', 'padding_idx': 0, 'oov_idx': 157338, 'vocab_size': 157339}",
    "C4": "{'source': '', 'type': 'categorical', 'padding_idx': 0, 'oov_idx': 117821, 'vocab_size': 117822}",
    "C5": "{'source': '', 'type': 'categorical', 'padding_idx': 0, 'oov_idx': 305, 'vocab_size': 306}",
    "C6": "{'source': '', 'type': 'categorical', 'padding_idx': 0, 'oov_idx': 17, 'vocab_size': 18}",
    "C7": "{'source': '', 'type': 'categorical', 'padding_idx': 0, 'oov_idx': 11881, 'vocab_size': 11882}",
    "C8": "{'source': '', 'type': 'categorical', 'padding_idx': 0, 'oov_idx': 629, 'vocab_size': 630}",
    "C9": "{'source': '', 'type': 'categorical', 'padding_idx': 0, 'oov_idx': 4, 'vocab_size': 5}",
    "I1": "{'source': '', 'type': 'categorical', 'padding_idx': 0, 'oov_idx': 43, 'vocab_size': 44}",
    "I10": "{'source': '', 'type': 'categorical', 'padding_idx': 0, 'oov_idx': 5, 'vocab_size': 6}",
    "I11": "{'source': '', 'type': 'categorical', 'padding_idx': 0, 'oov_idx': 26, 'vocab_size': 27}",
    "I12": "{'source': '', 'type': 'categorical', 'padding_idx': 0, 'oov_idx': 36, 'vocab_size': 37}",
    "I13": "{'source': '', 'type': 'categorical', 'padding_idx': 0, 'oov_idx': 71, 'vocab_size': 72}",
    "I2": "{'source': '', 'type': 'categorical', 'padding_idx': 0, 'oov_idx': 98, 'vocab_size': 99}",
    "I3": "{'source': '', 'type': 'categorical', 'padding_idx': 0, 'oov_idx': 121, 'vocab_size': 122}",
    "I4": "{'source': '', 'type': 'categorical', 'padding_idx': 0, 'oov_idx': 40, 'vocab_size': 41}",
    "I5": "{'source': '', 'type': 'categorical', 'padding_idx': 0, 'oov_idx': 219, 'vocab_size': 220}",
    "I6": "{'source': '', 'type': 'categorical', 'padding_idx': 0, 'oov_idx': 111, 'vocab_size': 112}",
    "I7": "{'source': '', 'type': 'categorical', 'padding_idx': 0, 'oov_idx': 79, 'vocab_size': 80}",
    "I8": "{'source': '', 'type': 'categorical', 'padding_idx': 0, 'oov_idx': 68, 'vocab_size': 69}",
    "I9": "{'source': '', 'type': 'categorical', 'padding_idx': 0, 'oov_idx': 91, 'vocab_size': 92}"
}
2024-07-01 15:16:30,802 P168482 INFO Total number of parameters: 14768513.
2024-07-01 15:16:30,802 P168482 INFO Loading data...
2024-07-01 15:16:30,802 P168482 INFO Loading data from h5: ../../../data/Criteo_x4_10_h5/train.h5
2024-07-01 15:16:48,877 P168482 INFO Train samples: total/36672493, blocks/1
2024-07-01 15:16:48,877 P168482 INFO Loading data from h5: ../../../data/Criteo_x4_10_h5/valid.h5
2024-07-01 15:16:51,216 P168482 INFO Validation samples: total/4584062, blocks/1
2024-07-01 15:16:51,216 P168482 INFO Loading train and validation data done.
2024-07-01 15:16:51,217 P168482 INFO Start training: 8954 batches/epoch
2024-07-01 15:16:51,217 P168482 INFO ************ Epoch=1 start ************
2024-07-01 15:21:27,904 P168482 INFO Train loss: 0.461586
2024-07-01 15:21:27,904 P168482 INFO Evaluation @epoch 1 - batch 8954: 
2024-07-01 15:21:44,805 P168482 INFO ===
2024-07-01 15:21:44,806 P168482 INFO [Metrics] AUC: 0.804700 - logloss: 0.446448
2024-07-01 15:21:44,813 P168482 INFO Save best model: monitor(max)=0.804700
2024-07-01 15:21:45,538 P168482 INFO ************ Epoch=1 end ************
2024-07-01 15:26:23,274 P168482 INFO Train loss: 0.456026
2024-07-01 15:26:23,274 P168482 INFO Evaluation @epoch 2 - batch 8954: 
2024-07-01 15:26:39,369 P168482 INFO ===
2024-07-01 15:26:39,370 P168482 INFO [Metrics] AUC: 0.806772 - logloss: 0.444544
2024-07-01 15:26:39,380 P168482 INFO Save best model: monitor(max)=0.806772
2024-07-01 15:26:40,092 P168482 INFO ************ Epoch=2 end ************
2024-07-01 15:31:16,664 P168482 INFO Train loss: 0.454889
2024-07-01 15:31:16,664 P168482 INFO Evaluation @epoch 3 - batch 8954: 
2024-07-01 15:31:31,856 P168482 INFO ===
2024-07-01 15:31:31,856 P168482 INFO [Metrics] AUC: 0.807774 - logloss: 0.443649
2024-07-01 15:31:31,867 P168482 INFO Save best model: monitor(max)=0.807774
2024-07-01 15:31:32,682 P168482 INFO ************ Epoch=3 end ************
2024-07-01 15:36:07,483 P168482 INFO Train loss: 0.454205
2024-07-01 15:36:07,483 P168482 INFO Evaluation @epoch 4 - batch 8954: 
2024-07-01 15:36:23,784 P168482 INFO ===
2024-07-01 15:36:23,784 P168482 INFO [Metrics] AUC: 0.808108 - logloss: 0.443338
2024-07-01 15:36:23,795 P168482 INFO Save best model: monitor(max)=0.808108
2024-07-01 15:36:24,458 P168482 INFO ************ Epoch=4 end ************
2024-07-01 15:41:01,053 P168482 INFO Train loss: 0.453724
2024-07-01 15:41:01,053 P168482 INFO Evaluation @epoch 5 - batch 8954: 
2024-07-01 15:41:17,459 P168482 INFO ===
2024-07-01 15:41:17,459 P168482 INFO [Metrics] AUC: 0.808510 - logloss: 0.442965
2024-07-01 15:41:17,469 P168482 INFO Save best model: monitor(max)=0.808510
2024-07-01 15:41:18,251 P168482 INFO ************ Epoch=5 end ************
2024-07-01 15:45:55,591 P168482 INFO Train loss: 0.453328
2024-07-01 15:45:55,591 P168482 INFO Evaluation @epoch 6 - batch 8954: 
2024-07-01 15:46:12,128 P168482 INFO ===
2024-07-01 15:46:12,128 P168482 INFO [Metrics] AUC: 0.808851 - logloss: 0.442640
2024-07-01 15:46:12,139 P168482 INFO Save best model: monitor(max)=0.808851
2024-07-01 15:46:12,879 P168482 INFO ************ Epoch=6 end ************
2024-07-01 15:50:50,639 P168482 INFO Train loss: 0.453041
2024-07-01 15:50:50,639 P168482 INFO Evaluation @epoch 7 - batch 8954: 
2024-07-01 15:51:07,102 P168482 INFO ===
2024-07-01 15:51:07,103 P168482 INFO [Metrics] AUC: 0.808904 - logloss: 0.442597
2024-07-01 15:51:07,114 P168482 INFO Save best model: monitor(max)=0.808904
2024-07-01 15:51:08,033 P168482 INFO ************ Epoch=7 end ************
2024-07-01 15:55:43,035 P168482 INFO Train loss: 0.452798
2024-07-01 15:55:43,035 P168482 INFO Evaluation @epoch 8 - batch 8954: 
2024-07-01 15:55:58,555 P168482 INFO ===
2024-07-01 15:55:58,555 P168482 INFO [Metrics] AUC: 0.808950 - logloss: 0.442549
2024-07-01 15:55:58,564 P168482 INFO Save best model: monitor(max)=0.808950
2024-07-01 15:55:59,396 P168482 INFO ************ Epoch=8 end ************
2024-07-01 16:00:34,959 P168482 INFO Train loss: 0.452599
2024-07-01 16:00:34,959 P168482 INFO Evaluation @epoch 9 - batch 8954: 
2024-07-01 16:00:51,003 P168482 INFO ===
2024-07-01 16:00:51,003 P168482 INFO [Metrics] AUC: 0.809068 - logloss: 0.442485
2024-07-01 16:00:51,013 P168482 INFO Save best model: monitor(max)=0.809068
2024-07-01 16:00:51,869 P168482 INFO ************ Epoch=9 end ************
2024-07-01 16:05:28,829 P168482 INFO Train loss: 0.452439
2024-07-01 16:05:28,829 P168482 INFO Evaluation @epoch 10 - batch 8954: 
2024-07-01 16:05:44,348 P168482 INFO ===
2024-07-01 16:05:44,349 P168482 INFO [Metrics] AUC: 0.809232 - logloss: 0.442287
2024-07-01 16:05:44,359 P168482 INFO Save best model: monitor(max)=0.809232
2024-07-01 16:05:45,055 P168482 INFO ************ Epoch=10 end ************
2024-07-01 16:10:23,835 P168482 INFO Train loss: 0.452334
2024-07-01 16:10:23,835 P168482 INFO Evaluation @epoch 11 - batch 8954: 
2024-07-01 16:10:40,137 P168482 INFO ===
2024-07-01 16:10:40,137 P168482 INFO [Metrics] AUC: 0.809217 - logloss: 0.442249
2024-07-01 16:10:40,148 P168482 INFO Monitor(max)=0.809217 STOP!
2024-07-01 16:10:40,148 P168482 INFO Reduce learning rate on plateau: 0.000100
2024-07-01 16:10:40,742 P168482 INFO ************ Epoch=11 end ************
2024-07-01 16:15:17,819 P168482 INFO Train loss: 0.442823
2024-07-01 16:15:17,820 P168482 INFO Evaluation @epoch 12 - batch 8954: 
2024-07-01 16:15:34,636 P168482 INFO ===
2024-07-01 16:15:34,636 P168482 INFO [Metrics] AUC: 0.813034 - logloss: 0.438804
2024-07-01 16:15:34,646 P168482 INFO Save best model: monitor(max)=0.813034
2024-07-01 16:15:35,394 P168482 INFO ************ Epoch=12 end ************
2024-07-01 16:20:10,055 P168482 INFO Train loss: 0.439301
2024-07-01 16:20:10,055 P168482 INFO Evaluation @epoch 13 - batch 8954: 
2024-07-01 16:20:26,475 P168482 INFO ===
2024-07-01 16:20:26,475 P168482 INFO [Metrics] AUC: 0.813646 - logloss: 0.438253
2024-07-01 16:20:26,485 P168482 INFO Save best model: monitor(max)=0.813646
2024-07-01 16:20:27,239 P168482 INFO ************ Epoch=13 end ************
2024-07-01 16:25:01,881 P168482 INFO Train loss: 0.437795
2024-07-01 16:25:01,882 P168482 INFO Evaluation @epoch 14 - batch 8954: 
2024-07-01 16:25:18,412 P168482 INFO ===
2024-07-01 16:25:18,412 P168482 INFO [Metrics] AUC: 0.813908 - logloss: 0.438028
2024-07-01 16:25:18,422 P168482 INFO Save best model: monitor(max)=0.813908
2024-07-01 16:25:19,146 P168482 INFO ************ Epoch=14 end ************
2024-07-01 16:29:53,191 P168482 INFO Train loss: 0.436719
2024-07-01 16:29:53,191 P168482 INFO Evaluation @epoch 15 - batch 8954: 
2024-07-01 16:30:09,780 P168482 INFO ===
2024-07-01 16:30:09,780 P168482 INFO [Metrics] AUC: 0.813969 - logloss: 0.438009
2024-07-01 16:30:09,791 P168482 INFO Save best model: monitor(max)=0.813969
2024-07-01 16:30:10,534 P168482 INFO ************ Epoch=15 end ************
2024-07-01 16:34:44,520 P168482 INFO Train loss: 0.435842
2024-07-01 16:34:44,521 P168482 INFO Evaluation @epoch 16 - batch 8954: 
2024-07-01 16:35:00,602 P168482 INFO ===
2024-07-01 16:35:00,602 P168482 INFO [Metrics] AUC: 0.813925 - logloss: 0.438048
2024-07-01 16:35:00,612 P168482 INFO Monitor(max)=0.813925 STOP!
2024-07-01 16:35:00,613 P168482 INFO Reduce learning rate on plateau: 0.000010
2024-07-01 16:35:01,321 P168482 INFO ************ Epoch=16 end ************
2024-07-01 16:39:34,691 P168482 INFO Train loss: 0.432091
2024-07-01 16:39:34,691 P168482 INFO Evaluation @epoch 17 - batch 8954: 
2024-07-01 16:39:51,014 P168482 INFO ===
2024-07-01 16:39:51,014 P168482 INFO [Metrics] AUC: 0.813847 - logloss: 0.438286
2024-07-01 16:39:51,024 P168482 INFO Monitor(max)=0.813847 STOP!
2024-07-01 16:39:51,025 P168482 INFO Reduce learning rate on plateau: 0.000001
2024-07-01 16:39:51,025 P168482 INFO ********* Epoch==17 early stop *********
2024-07-01 16:39:51,688 P168482 INFO Training finished.
2024-07-01 16:39:51,688 P168482 INFO Load best model: /root/autodl-tmp/model_zoo/ECN/ECN_torch/checkpoints/Criteo_x4_10_h5/ECN_Criteo_001_38280f23.model
2024-07-01 16:39:51,718 P168482 INFO ****** Validation evaluation ******
2024-07-01 16:40:10,709 P168482 INFO ===
2024-07-01 16:40:10,709 P168482 INFO [Metrics] logloss: 0.438009 - AUC: 0.813969
2024-07-01 16:40:11,661 P168482 INFO ******** Test evaluation ********
2024-07-01 16:40:11,661 P168482 INFO Loading data...
2024-07-01 16:40:11,661 P168482 INFO Loading data from h5: ../../../data/Criteo_x4_10_h5/test.h5
2024-07-01 16:40:13,869 P168482 INFO Test samples: total/4584062, blocks/1
2024-07-01 16:40:13,869 P168482 INFO Loading test data done.
2024-07-01 16:40:31,692 P168482 INFO ===
2024-07-01 16:40:31,692 P168482 INFO [Metrics] logloss: 0.437508 - AUC: 0.814540
