2024-07-01 18:06:57,691 P394568 INFO Params: {
    "batch_norm": "False",
    "batch_size": "4096",
    "data_format": "h5",
    "data_root": "../../../data/",
    "dataset_id": "Criteo_x4_10_h5",
    "debug_mode": "False",
    "early_stop_patience": "2",
    "embedding_dim": "16",
    "embedding_regularizer": "1e-05",
    "epochs": "100",
    "eval_steps": "None",
    "feature_cols": "[{'active': True, 'dtype': 'float', 'fill_na': 0, 'na_value': 0, 'name': ['I1', 'I2', 'I3', 'I4', 'I5', 'I6', 'I7', 'I8', 'I9', 'I10', 'I11', 'I12', 'I13'], 'preprocess': 'convert_to_bucket', 'type': 'categorical'}, {'active': True, 'dtype': 'str', 'fill_na': '', 'na_value': '', 'name': ['C1', 'C2', 'C3', 'C4', 'C5', 'C6', 'C7', 'C8', 'C9', 'C10', 'C11', 'C12', 'C13', 'C14', 'C15', 'C16', 'C17', 'C18', 'C19', 'C20', 'C21', 'C22', 'C23', 'C24', 'C25', 'C26'], 'type': 'categorical'}]",
    "feature_config": "None",
    "feature_specs": "None",
    "gpu": "0",
    "group_id": "None",
    "label_col": "{'dtype': 'float', 'name': 'Label'}",
    "layer_norm": "True",
    "learning_rate": "0.001",
    "loss": "binary_crossentropy",
    "metrics": "['logloss', 'AUC']",
    "min_categr_count": "10",
    "model": "ECN",
    "model_id": "ECN_Criteo_005_7c6bfbf1",
    "model_root": "./checkpoints/",
    "monitor": "{'AUC': 1, 'logloss': 0}",
    "monitor_mode": "max",
    "net_dropout": "0.1",
    "net_regularizer": "0",
    "num_cross_layers": "5",
    "num_heads": "1",
    "num_workers": "8",
    "optimizer": "adam",
    "pickle_feature_encoder": "True",
    "save_best_only": "True",
    "seed": "2024",
    "shuffle": "True",
    "task": "binary_classification",
    "test_data": "../../../data/Criteo_x4_10_h5/test.h5",
    "train_data": "../../../data/Criteo_x4_10_h5/train.h5",
    "use_features": "None",
    "valid_data": "../../../data/Criteo_x4_10_h5/valid.h5",
    "verbose": "1"
}
2024-07-01 18:06:57,691 P394568 INFO Load feature_map from json: ../../../data/Criteo_x4_10_h5/feature_map.json
2024-07-01 18:06:57,691 P394568 INFO Set column index...
2024-07-01 18:06:57,692 P394568 INFO Feature specs: {
    "C1": "{'source': '', 'type': 'categorical', 'padding_idx': 0, 'oov_idx': 1445, 'vocab_size': 1446}",
    "C10": "{'source': '', 'type': 'categorical', 'padding_idx': 0, 'oov_idx': 39529, 'vocab_size': 39530}",
    "C11": "{'source': '', 'type': 'categorical', 'padding_idx': 0, 'oov_idx': 5130, 'vocab_size': 5131}",
    "C12": "{'source': '', 'type': 'categorical', 'padding_idx': 0, 'oov_idx': 156655, 'vocab_size': 156656}",
    "C13": "{'source': '', 'type': 'categorical', 'padding_idx': 0, 'oov_idx': 3175, 'vocab_size': 3176}",
    "C14": "{'source': '', 'type': 'categorical', 'padding_idx': 0, 'oov_idx': 27, 'vocab_size': 28}",
    "C15": "{'source': '', 'type': 'categorical', 'padding_idx': 0, 'oov_idx': 11042, 'vocab_size': 11043}",
    "C16": "{'source': '', 'type': 'categorical', 'padding_idx': 0, 'oov_idx': 148912, 'vocab_size': 148913}",
    "C17": "{'source': '', 'type': 'categorical', 'padding_idx': 0, 'oov_idx': 11, 'vocab_size': 12}",
    "C18": "{'source': '', 'type': 'categorical', 'padding_idx': 0, 'oov_idx': 4559, 'vocab_size': 4560}",
    "C19": "{'source': '', 'type': 'categorical', 'padding_idx': 0, 'oov_idx': 2002, 'vocab_size': 2003}",
    "C2": "{'source': '', 'type': 'categorical', 'padding_idx': 0, 'oov_idx': 553, 'vocab_size': 554}",
    "C20": "{'source': '', 'type': 'categorical', 'padding_idx': 0, 'oov_idx': 4, 'vocab_size': 5}",
    "C21": "{'source': '', 'type': 'categorical', 'padding_idx': 0, 'oov_idx': 154563, 'vocab_size': 154564}",
    "C22": "{'source': '', 'type': 'categorical', 'padding_idx': 0, 'oov_idx': 17, 'vocab_size': 18}",
    "C23": "{'source': '', 'type': 'categorical', 'padding_idx': 0, 'oov_idx': 16, 'vocab_size': 17}",
    "C24": "{'source': '', 'type': 'categorical', 'padding_idx': 0, 'oov_idx': 53030, 'vocab_size': 53031}",
    "C25": "{'source': '', 'type': 'categorical', 'padding_idx': 0, 'oov_idx': 81, 'vocab_size': 82}",
    "C26": "{'source': '', 'type': 'categorical', 'padding_idx': 0, 'oov_idx': 40954, 'vocab_size': 40955}",
    "C3": "{'source': '', 'type': 'categorical', 'padding_idx': 0, 'oov_idx': 157338, 'vocab_size': 157339}",
    "C4": "{'source': '', 'type': 'categorical', 'padding_idx': 0, 'oov_idx': 117821, 'vocab_size': 117822}",
    "C5": "{'source': '', 'type': 'categorical', 'padding_idx': 0, 'oov_idx': 305, 'vocab_size': 306}",
    "C6": "{'source': '', 'type': 'categorical', 'padding_idx': 0, 'oov_idx': 17, 'vocab_size': 18}",
    "C7": "{'source': '', 'type': 'categorical', 'padding_idx': 0, 'oov_idx': 11881, 'vocab_size': 11882}",
    "C8": "{'source': '', 'type': 'categorical', 'padding_idx': 0, 'oov_idx': 629, 'vocab_size': 630}",
    "C9": "{'source': '', 'type': 'categorical', 'padding_idx': 0, 'oov_idx': 4, 'vocab_size': 5}",
    "I1": "{'source': '', 'type': 'categorical', 'padding_idx': 0, 'oov_idx': 43, 'vocab_size': 44}",
    "I10": "{'source': '', 'type': 'categorical', 'padding_idx': 0, 'oov_idx': 5, 'vocab_size': 6}",
    "I11": "{'source': '', 'type': 'categorical', 'padding_idx': 0, 'oov_idx': 26, 'vocab_size': 27}",
    "I12": "{'source': '', 'type': 'categorical', 'padding_idx': 0, 'oov_idx': 36, 'vocab_size': 37}",
    "I13": "{'source': '', 'type': 'categorical', 'padding_idx': 0, 'oov_idx': 71, 'vocab_size': 72}",
    "I2": "{'source': '', 'type': 'categorical', 'padding_idx': 0, 'oov_idx': 98, 'vocab_size': 99}",
    "I3": "{'source': '', 'type': 'categorical', 'padding_idx': 0, 'oov_idx': 121, 'vocab_size': 122}",
    "I4": "{'source': '', 'type': 'categorical', 'padding_idx': 0, 'oov_idx': 40, 'vocab_size': 41}",
    "I5": "{'source': '', 'type': 'categorical', 'padding_idx': 0, 'oov_idx': 219, 'vocab_size': 220}",
    "I6": "{'source': '', 'type': 'categorical', 'padding_idx': 0, 'oov_idx': 111, 'vocab_size': 112}",
    "I7": "{'source': '', 'type': 'categorical', 'padding_idx': 0, 'oov_idx': 79, 'vocab_size': 80}",
    "I8": "{'source': '', 'type': 'categorical', 'padding_idx': 0, 'oov_idx': 68, 'vocab_size': 69}",
    "I9": "{'source': '', 'type': 'categorical', 'padding_idx': 0, 'oov_idx': 91, 'vocab_size': 92}"
}
2024-07-01 18:07:02,164 P394568 INFO Total number of parameters: 15552257.
2024-07-01 18:07:02,164 P394568 INFO Loading data...
2024-07-01 18:07:02,164 P394568 INFO Loading data from h5: ../../../data/Criteo_x4_10_h5/train.h5
2024-07-01 18:07:19,275 P394568 INFO Train samples: total/36672493, blocks/1
2024-07-01 18:07:19,275 P394568 INFO Loading data from h5: ../../../data/Criteo_x4_10_h5/valid.h5
2024-07-01 18:07:21,427 P394568 INFO Validation samples: total/4584062, blocks/1
2024-07-01 18:07:21,427 P394568 INFO Loading train and validation data done.
2024-07-01 18:07:21,427 P394568 INFO Start training: 8954 batches/epoch
2024-07-01 18:07:21,427 P394568 INFO ************ Epoch=1 start ************
2024-07-01 18:12:06,186 P394568 INFO Train loss: 0.464991
2024-07-01 18:12:06,186 P394568 INFO Evaluation @epoch 1 - batch 8954: 
2024-07-01 18:12:26,926 P394568 INFO ===
2024-07-01 18:12:26,927 P394568 INFO [Metrics] AUC: 0.803768 - logloss: 0.447320
2024-07-01 18:12:26,933 P394568 INFO Save best model: monitor(max)=0.803768
2024-07-01 18:12:27,640 P394568 INFO ************ Epoch=1 end ************
2024-07-01 18:16:57,488 P394568 INFO Train loss: 0.458556
2024-07-01 18:16:57,488 P394568 INFO Evaluation @epoch 2 - batch 8954: 
2024-07-01 18:17:12,886 P394568 INFO ===
2024-07-01 18:17:12,886 P394568 INFO [Metrics] AUC: 0.806674 - logloss: 0.444736
2024-07-01 18:17:12,897 P394568 INFO Save best model: monitor(max)=0.806674
2024-07-01 18:17:13,582 P394568 INFO ************ Epoch=2 end ************
2024-07-01 18:22:14,254 P394568 INFO Train loss: 0.456228
2024-07-01 18:22:14,254 P394568 INFO Evaluation @epoch 3 - batch 8954: 
2024-07-01 18:22:35,989 P394568 INFO ===
2024-07-01 18:22:35,989 P394568 INFO [Metrics] AUC: 0.807915 - logloss: 0.443705
2024-07-01 18:22:35,999 P394568 INFO Save best model: monitor(max)=0.807915
2024-07-01 18:22:36,809 P394568 INFO ************ Epoch=3 end ************
2024-07-01 18:27:37,604 P394568 INFO Train loss: 0.455116
2024-07-01 18:27:37,604 P394568 INFO Evaluation @epoch 4 - batch 8954: 
2024-07-01 18:27:58,626 P394568 INFO ===
2024-07-01 18:27:58,626 P394568 INFO [Metrics] AUC: 0.808889 - logloss: 0.442677
2024-07-01 18:27:58,636 P394568 INFO Save best model: monitor(max)=0.808889
2024-07-01 18:27:59,501 P394568 INFO ************ Epoch=4 end ************
2024-07-01 18:32:59,700 P394568 INFO Train loss: 0.454443
2024-07-01 18:32:59,701 P394568 INFO Evaluation @epoch 5 - batch 8954: 
2024-07-01 18:33:20,873 P394568 INFO ===
2024-07-01 18:33:20,873 P394568 INFO [Metrics] AUC: 0.809419 - logloss: 0.442096
2024-07-01 18:33:20,883 P394568 INFO Save best model: monitor(max)=0.809419
2024-07-01 18:33:21,905 P394568 INFO ************ Epoch=5 end ************
2024-07-01 18:38:22,990 P394568 INFO Train loss: 0.453908
2024-07-01 18:38:22,990 P394568 INFO Evaluation @epoch 6 - batch 8954: 
2024-07-01 18:38:44,405 P394568 INFO ===
2024-07-01 18:38:44,405 P394568 INFO [Metrics] AUC: 0.809567 - logloss: 0.442073
2024-07-01 18:38:44,415 P394568 INFO Save best model: monitor(max)=0.809567
2024-07-01 18:38:45,105 P394568 INFO ************ Epoch=6 end ************
2024-07-01 18:43:47,141 P394568 INFO Train loss: 0.453651
2024-07-01 18:43:47,141 P394568 INFO Evaluation @epoch 7 - batch 8954: 
2024-07-01 18:44:07,464 P394568 INFO ===
2024-07-01 18:44:07,464 P394568 INFO [Metrics] AUC: 0.809733 - logloss: 0.441792
2024-07-01 18:44:07,474 P394568 INFO Save best model: monitor(max)=0.809733
2024-07-01 18:44:08,188 P394568 INFO ************ Epoch=7 end ************
2024-07-01 18:49:11,774 P394568 INFO Train loss: 0.453365
2024-07-01 18:49:11,774 P394568 INFO Evaluation @epoch 8 - batch 8954: 
2024-07-01 18:49:30,948 P394568 INFO ===
2024-07-01 18:49:30,948 P394568 INFO [Metrics] AUC: 0.810016 - logloss: 0.441578
2024-07-01 18:49:30,958 P394568 INFO Save best model: monitor(max)=0.810016
2024-07-01 18:49:31,723 P394568 INFO ************ Epoch=8 end ************
2024-07-01 18:54:45,316 P394568 INFO Train loss: 0.453173
2024-07-01 18:54:45,316 P394568 INFO Evaluation @epoch 9 - batch 8954: 
2024-07-01 18:55:05,717 P394568 INFO ===
2024-07-01 18:55:05,717 P394568 INFO [Metrics] AUC: 0.810220 - logloss: 0.441327
2024-07-01 18:55:05,728 P394568 INFO Save best model: monitor(max)=0.810220
2024-07-01 18:55:06,436 P394568 INFO ************ Epoch=9 end ************
2024-07-01 19:00:11,060 P394568 INFO Train loss: 0.452991
2024-07-01 19:00:11,061 P394568 INFO Evaluation @epoch 10 - batch 8954: 
2024-07-01 19:00:30,652 P394568 INFO ===
2024-07-01 19:00:30,653 P394568 INFO [Metrics] AUC: 0.810083 - logloss: 0.441490
2024-07-01 19:00:30,663 P394568 INFO Monitor(max)=0.810083 STOP!
2024-07-01 19:00:30,663 P394568 INFO Reduce learning rate on plateau: 0.000100
2024-07-01 19:00:31,313 P394568 INFO ************ Epoch=10 end ************
2024-07-01 19:05:35,870 P394568 INFO Train loss: 0.442639
2024-07-01 19:05:35,871 P394568 INFO Evaluation @epoch 11 - batch 8954: 
2024-07-01 19:05:55,512 P394568 INFO ===
2024-07-01 19:05:55,512 P394568 INFO [Metrics] AUC: 0.814091 - logloss: 0.437749
2024-07-01 19:05:55,522 P394568 INFO Save best model: monitor(max)=0.814091
2024-07-01 19:05:56,213 P394568 INFO ************ Epoch=11 end ************
2024-07-01 19:10:59,365 P394568 INFO Train loss: 0.438639
2024-07-01 19:10:59,365 P394568 INFO Evaluation @epoch 12 - batch 8954: 
2024-07-01 19:11:18,962 P394568 INFO ===
2024-07-01 19:11:18,962 P394568 INFO [Metrics] AUC: 0.814747 - logloss: 0.437161
2024-07-01 19:11:18,972 P394568 INFO Save best model: monitor(max)=0.814747
2024-07-01 19:11:19,704 P394568 INFO ************ Epoch=12 end ************
2024-07-01 19:16:21,976 P394568 INFO Train loss: 0.437106
2024-07-01 19:16:21,976 P394568 INFO Evaluation @epoch 13 - batch 8954: 
2024-07-01 19:16:41,760 P394568 INFO ===
2024-07-01 19:16:41,760 P394568 INFO [Metrics] AUC: 0.814970 - logloss: 0.436966
2024-07-01 19:16:41,770 P394568 INFO Save best model: monitor(max)=0.814970
2024-07-01 19:16:42,560 P394568 INFO ************ Epoch=13 end ************
2024-07-01 19:21:47,244 P394568 INFO Train loss: 0.436102
2024-07-01 19:21:47,244 P394568 INFO Evaluation @epoch 14 - batch 8954: 
2024-07-01 19:22:05,875 P394568 INFO ===
2024-07-01 19:22:05,875 P394568 INFO [Metrics] AUC: 0.815011 - logloss: 0.436947
2024-07-01 19:22:05,885 P394568 INFO Save best model: monitor(max)=0.815011
2024-07-01 19:22:06,597 P394568 INFO ************ Epoch=14 end ************
2024-07-01 19:27:12,486 P394568 INFO Train loss: 0.435288
2024-07-01 19:27:12,487 P394568 INFO Evaluation @epoch 15 - batch 8954: 
2024-07-01 19:27:31,285 P394568 INFO ===
2024-07-01 19:27:31,285 P394568 INFO [Metrics] AUC: 0.815001 - logloss: 0.436967
2024-07-01 19:27:31,295 P394568 INFO Monitor(max)=0.815001 STOP!
2024-07-01 19:27:31,295 P394568 INFO Reduce learning rate on plateau: 0.000010
2024-07-01 19:27:31,874 P394568 INFO ************ Epoch=15 end ************
2024-07-01 19:32:40,585 P394568 INFO Train loss: 0.431443
2024-07-01 19:32:40,585 P394568 INFO Evaluation @epoch 16 - batch 8954: 
2024-07-01 19:32:59,251 P394568 INFO ===
2024-07-01 19:32:59,251 P394568 INFO [Metrics] AUC: 0.814678 - logloss: 0.437475
2024-07-01 19:32:59,261 P394568 INFO Monitor(max)=0.814678 STOP!
2024-07-01 19:32:59,261 P394568 INFO Reduce learning rate on plateau: 0.000001
2024-07-01 19:32:59,261 P394568 INFO ********* Epoch==16 early stop *********
2024-07-01 19:32:59,936 P394568 INFO Training finished.
2024-07-01 19:32:59,936 P394568 INFO Load best model: /root/autodl-tmp/model_zoo/ECN/ECN_torch/checkpoints/Criteo_x4_10_h5/ECN_Criteo_005_7c6bfbf1.model
2024-07-01 19:32:59,969 P394568 INFO ****** Validation evaluation ******
2024-07-01 19:33:14,386 P394568 INFO ===
2024-07-01 19:33:14,386 P394568 INFO [Metrics] logloss: 0.436947 - AUC: 0.815011
2024-07-01 19:33:15,223 P394568 INFO ******** Test evaluation ********
2024-07-01 19:33:15,224 P394568 INFO Loading data...
2024-07-01 19:33:15,224 P394568 INFO Loading data from h5: ../../../data/Criteo_x4_10_h5/test.h5
2024-07-01 19:33:17,420 P394568 INFO Test samples: total/4584062, blocks/1
2024-07-01 19:33:17,421 P394568 INFO Loading test data done.
2024-07-01 19:33:30,593 P394568 INFO ===
2024-07-01 19:33:30,594 P394568 INFO [Metrics] logloss: 0.436530 - AUC: 0.815466
