2024-07-02 20:17:13,883 P918614 INFO Params: {
    "batch_norm": "True",
    "batch_size": "4096",
    "data_format": "csv",
    "data_root": "../../../data/",
    "dataset_id": "iPinYou_x1_csv",
    "debug_mode": "False",
    "deep_net_dropout": "0.2",
    "early_stop_patience": "2",
    "embedding_dim": "16",
    "embedding_regularizer": "0.001",
    "epochs": "100",
    "eval_steps": "None",
    "feature_cols": "[{'active': True, 'dtype': 'str', 'name': ['weekday', 'hour', 'IP', 'region', 'city', 'adexchange', 'domain', 'slotid', 'slotwidth', 'slotheight', 'slotvisibility', 'slotformat', 'creative', 'advertiser', 'useragent', 'slotprice'], 'type': 'categorical'}]",
    "feature_config": "None",
    "feature_specs": "None",
    "gpu": "2",
    "group_id": "None",
    "label_col": "{'dtype': 'float', 'name': 'click'}",
    "layer_norm": "True",
    "learning_rate": "0.001",
    "loss": "binary_crossentropy",
    "metrics": "['logloss', 'AUC']",
    "min_categr_count": "2",
    "model": "SDCNv3",
    "model_id": "SDCNv3_iPinYou_x1_032_e4e57fc5",
    "model_root": "./checkpoints/",
    "monitor": "{'AUC': 1, 'logloss': 0}",
    "monitor_mode": "max",
    "net_regularizer": "0",
    "num_deep_cross_layers": "4",
    "num_heads": "1",
    "num_shallow_cross_layers": "3",
    "num_workers": "4",
    "optimizer": "adam",
    "pickle_feature_encoder": "True",
    "save_best_only": "True",
    "seed": "2024",
    "shallow_net_dropout": "0.2",
    "shuffle": "True",
    "task": "binary_classification",
    "test_data": "../../../data/iPinYou/test.csv",
    "train_data": "../../../data/iPinYou/train.csv",
    "use_features": "None",
    "valid_data": "../../../data/iPinYou/test.csv",
    "verbose": "1"
}
2024-07-02 20:17:13,884 P918614 INFO Set up feature processor...
2024-07-02 20:17:13,884 P918614 WARNING Skip rebuilding ../../../data/iPinYou_x1_csv/feature_map.json. Please delete it manually if rebuilding is required.
2024-07-02 20:17:13,884 P918614 INFO Load feature_map from json: ../../../data/iPinYou_x1_csv/feature_map.json
2024-07-02 20:17:13,885 P918614 INFO Set column index...
2024-07-02 20:17:13,885 P918614 INFO Feature specs: {
    "IP": "{'source': '', 'type': 'categorical', 'padding_idx': 0, 'oov_idx': 585532, 'vocab_size': 585533}",
    "adexchange": "{'source': '', 'type': 'categorical', 'padding_idx': 0, 'oov_idx': 6, 'vocab_size': 7}",
    "advertiser": "{'source': '', 'type': 'categorical', 'padding_idx': 0, 'oov_idx': 10, 'vocab_size': 11}",
    "city": "{'source': '', 'type': 'categorical', 'padding_idx': 0, 'oov_idx': 371, 'vocab_size': 372}",
    "creative": "{'source': '', 'type': 'categorical', 'padding_idx': 0, 'oov_idx': 132, 'vocab_size': 133}",
    "domain": "{'source': '', 'type': 'categorical', 'padding_idx': 0, 'oov_idx': 28622, 'vocab_size': 28623}",
    "hour": "{'source': '', 'type': 'categorical', 'padding_idx': 0, 'oov_idx': 25, 'vocab_size': 26}",
    "region": "{'source': '', 'type': 'categorical', 'padding_idx': 0, 'oov_idx': 36, 'vocab_size': 37}",
    "slotformat": "{'source': '', 'type': 'categorical', 'padding_idx': 0, 'oov_idx': 5, 'vocab_size': 6}",
    "slotheight": "{'source': '', 'type': 'categorical', 'padding_idx': 0, 'oov_idx': 15, 'vocab_size': 16}",
    "slotid": "{'source': '', 'type': 'categorical', 'padding_idx': 0, 'oov_idx': 50906, 'vocab_size': 50907}",
    "slotprice": "{'source': '', 'type': 'categorical', 'padding_idx': 0, 'oov_idx': 6, 'vocab_size': 7}",
    "slotvisibility": "{'source': '', 'type': 'categorical', 'padding_idx': 0, 'oov_idx': 12, 'vocab_size': 13}",
    "slotwidth": "{'source': '', 'type': 'categorical', 'padding_idx': 0, 'oov_idx': 22, 'vocab_size': 23}",
    "useragent": "{'source': '', 'type': 'categorical', 'padding_idx': 0, 'oov_idx': 41, 'vocab_size': 42}",
    "weekday": "{'source': '', 'type': 'categorical', 'padding_idx': 0, 'oov_idx': 8, 'vocab_size': 9}"
}
2024-07-02 20:17:18,307 P918614 INFO Total number of parameters: 10885728.
2024-07-02 20:17:18,308 P918614 INFO Loading data...
2024-07-02 20:17:18,308 P918614 INFO Loading data from h5: ../../../data/iPinYou_x1_csv/train.h5
2024-07-02 20:17:22,193 P918614 INFO Train samples: total/15395258, blocks/1
2024-07-02 20:17:22,193 P918614 INFO Loading data from h5: ../../../data/iPinYou_x1_csv/valid.h5
2024-07-02 20:17:23,228 P918614 INFO Validation samples: total/4100716, blocks/1
2024-07-02 20:17:23,228 P918614 INFO Loading train and validation data done.
2024-07-02 20:17:23,228 P918614 INFO Start training: 3759 batches/epoch
2024-07-02 20:17:23,228 P918614 INFO ************ Epoch=1 start ************
2024-07-02 20:19:29,804 P918614 INFO Train loss: 0.008238
2024-07-02 20:19:29,805 P918614 INFO Evaluation @epoch 1 - batch 3759: 
2024-07-02 20:19:39,789 P918614 INFO ===
2024-07-02 20:19:39,789 P918614 INFO [Metrics] AUC: 0.740062 - logloss: 0.005687
2024-07-02 20:19:39,793 P918614 INFO Save best model: monitor(max)=0.740062
2024-07-02 20:19:39,985 P918614 INFO ************ Epoch=1 end ************
2024-07-02 20:21:44,334 P918614 INFO Train loss: 0.006293
2024-07-02 20:21:44,334 P918614 INFO Evaluation @epoch 2 - batch 3759: 
2024-07-02 20:21:56,014 P918614 INFO ===
2024-07-02 20:21:56,015 P918614 INFO [Metrics] AUC: 0.747649 - logloss: 0.005649
2024-07-02 20:21:56,018 P918614 INFO Save best model: monitor(max)=0.747649
2024-07-02 20:21:56,378 P918614 INFO ************ Epoch=2 end ************
2024-07-02 20:24:05,114 P918614 INFO Train loss: 0.006287
2024-07-02 20:24:05,114 P918614 INFO Evaluation @epoch 3 - batch 3759: 
2024-07-02 20:24:16,932 P918614 INFO ===
2024-07-02 20:24:16,932 P918614 INFO [Metrics] AUC: 0.746694 - logloss: 0.005674
2024-07-02 20:24:16,937 P918614 INFO Monitor(max)=0.746694 STOP!
2024-07-02 20:24:16,937 P918614 INFO Reduce learning rate on plateau: 0.000100
2024-07-02 20:24:17,054 P918614 INFO ************ Epoch=3 end ************
2024-07-02 20:26:17,366 P918614 INFO Train loss: 0.005900
2024-07-02 20:26:17,366 P918614 INFO Evaluation @epoch 4 - batch 3759: 
2024-07-02 20:26:27,318 P918614 INFO ===
2024-07-02 20:26:27,319 P918614 INFO [Metrics] AUC: 0.775703 - logloss: 0.005581
2024-07-02 20:26:27,324 P918614 INFO Save best model: monitor(max)=0.775703
2024-07-02 20:26:27,906 P918614 INFO ************ Epoch=4 end ************
2024-07-02 20:28:32,410 P918614 INFO Train loss: 0.005850
2024-07-02 20:28:32,410 P918614 INFO Evaluation @epoch 5 - batch 3759: 
2024-07-02 20:28:43,224 P918614 INFO ===
2024-07-02 20:28:43,224 P918614 INFO [Metrics] AUC: 0.781259 - logloss: 0.005550
2024-07-02 20:28:43,229 P918614 INFO Save best model: monitor(max)=0.781259
2024-07-02 20:28:43,622 P918614 INFO ************ Epoch=5 end ************
2024-07-02 20:30:49,481 P918614 INFO Train loss: 0.005855
2024-07-02 20:30:49,481 P918614 INFO Evaluation @epoch 6 - batch 3759: 
2024-07-02 20:31:03,006 P918614 INFO ===
2024-07-02 20:31:03,006 P918614 INFO [Metrics] AUC: 0.780839 - logloss: 0.005545
2024-07-02 20:31:03,008 P918614 INFO Monitor(max)=0.780839 STOP!
2024-07-02 20:31:03,009 P918614 INFO Reduce learning rate on plateau: 0.000010
2024-07-02 20:31:03,116 P918614 INFO ************ Epoch=6 end ************
2024-07-02 20:33:14,722 P918614 INFO Train loss: 0.005708
2024-07-02 20:33:14,722 P918614 INFO Evaluation @epoch 7 - batch 3759: 
2024-07-02 20:33:26,084 P918614 INFO ===
2024-07-02 20:33:26,085 P918614 INFO [Metrics] AUC: 0.784212 - logloss: 0.005534
2024-07-02 20:33:26,087 P918614 INFO Save best model: monitor(max)=0.784212
2024-07-02 20:33:26,451 P918614 INFO ************ Epoch=7 end ************
2024-07-02 20:35:35,985 P918614 INFO Train loss: 0.005671
2024-07-02 20:35:35,986 P918614 INFO Evaluation @epoch 8 - batch 3759: 
2024-07-02 20:35:46,288 P918614 INFO ===
2024-07-02 20:35:46,288 P918614 INFO [Metrics] AUC: 0.785149 - logloss: 0.005534
2024-07-02 20:35:46,292 P918614 INFO Save best model: monitor(max)=0.785149
2024-07-02 20:35:46,616 P918614 INFO ************ Epoch=8 end ************
2024-07-02 20:37:56,035 P918614 INFO Train loss: 0.005643
2024-07-02 20:37:56,035 P918614 INFO Evaluation @epoch 9 - batch 3759: 
2024-07-02 20:38:06,526 P918614 INFO ===
2024-07-02 20:38:06,526 P918614 INFO [Metrics] AUC: 0.785676 - logloss: 0.005535
2024-07-02 20:38:06,529 P918614 INFO Save best model: monitor(max)=0.785676
2024-07-02 20:38:06,926 P918614 INFO ************ Epoch=9 end ************
2024-07-02 20:40:14,069 P918614 INFO Train loss: 0.005627
2024-07-02 20:40:14,070 P918614 INFO Evaluation @epoch 10 - batch 3759: 
2024-07-02 20:40:24,913 P918614 INFO ===
2024-07-02 20:40:24,913 P918614 INFO [Metrics] AUC: 0.784885 - logloss: 0.005536
2024-07-02 20:40:24,916 P918614 INFO Monitor(max)=0.784885 STOP!
2024-07-02 20:40:24,916 P918614 INFO Reduce learning rate on plateau: 0.000001
2024-07-02 20:40:25,026 P918614 INFO ************ Epoch=10 end ************
2024-07-02 20:42:30,758 P918614 INFO Train loss: 0.005541
2024-07-02 20:42:30,758 P918614 INFO Evaluation @epoch 11 - batch 3759: 
2024-07-02 20:42:41,517 P918614 INFO ===
2024-07-02 20:42:41,518 P918614 INFO [Metrics] AUC: 0.784610 - logloss: 0.005536
2024-07-02 20:42:41,523 P918614 INFO Monitor(max)=0.784610 STOP!
2024-07-02 20:42:41,523 P918614 INFO Reduce learning rate on plateau: 0.000001
2024-07-02 20:42:41,523 P918614 INFO ********* Epoch==11 early stop *********
2024-07-02 20:42:41,639 P918614 INFO Training finished.
2024-07-02 20:42:41,639 P918614 INFO Load best model: /mnt/public/lhh/code/model_zoo/DCNv3/DCNv3_torch/checkpoints/iPinYou_x1_csv/SDCNv3_iPinYou_x1_032_e4e57fc5.model
2024-07-02 20:42:41,679 P918614 INFO ****** Validation evaluation ******
2024-07-02 20:42:53,345 P918614 INFO ===
2024-07-02 20:42:53,346 P918614 INFO [Metrics] logloss: 0.005535 - AUC: 0.785676
2024-07-02 20:42:53,400 P918614 INFO ******** Test evaluation ********
2024-07-02 20:42:53,400 P918614 INFO Loading data...
2024-07-02 20:42:53,400 P918614 INFO Loading data from h5: ../../../data/iPinYou_x1_csv/test.h5
2024-07-02 20:42:54,469 P918614 INFO Test samples: total/4100716, blocks/1
2024-07-02 20:42:54,469 P918614 INFO Loading test data done.
2024-07-02 20:43:04,634 P918614 INFO ===
2024-07-02 20:43:04,634 P918614 INFO [Metrics] logloss: 0.005535 - AUC: 0.785676
