2024-07-02 23:41:30,961 P1366376 INFO Params: {
    "batch_norm": "True",
    "batch_size": "10000",
    "data_format": "h5",
    "data_root": "../../../data/",
    "dataset_id": "Avazu_x4_h5",
    "debug_mode": "False",
    "early_stop_patience": "2",
    "embedding_dim": "16",
    "embedding_regularizer": "0",
    "epochs": "100",
    "eval_steps": "None",
    "feature_cols": "[{'active': False, 'dtype': 'str', 'name': 'id', 'type': 'categorical'}, {'active': True, 'dtype': 'str', 'name': 'hour', 'preprocess': 'convert_hour', 'type': 'categorical'}, {'active': True, 'dtype': 'str', 'name': ['C1', 'banner_pos', 'site_id', 'site_domain', 'site_category', 'app_id', 'app_domain', 'app_category', 'device_id', 'device_ip', 'device_model', 'device_type', 'device_conn_type', 'C14', 'C15', 'C16', 'C17', 'C18', 'C19', 'C20', 'C21'], 'type': 'categorical'}, {'active': True, 'dtype': 'str', 'name': 'weekday', 'preprocess': 'convert_weekday', 'type': 'categorical'}, {'active': True, 'dtype': 'str', 'name': 'weekend', 'preprocess': 'convert_weekend', 'type': 'categorical'}]",
    "feature_config": "None",
    "feature_specs": "None",
    "gpu": "1",
    "group_id": "None",
    "label_col": "{'dtype': 'float', 'name': 'click'}",
    "layer_norm": "True",
    "learning_rate": "0.001",
    "loss": "binary_crossentropy",
    "metrics": "['logloss', 'AUC']",
    "min_categr_count": "2",
    "model": "ECN",
    "model_id": "ECN_Avazu",
    "model_root": "./checkpoints/",
    "monitor": "{'AUC': 1, 'logloss': 0}",
    "monitor_mode": "max",
    "net_dropout": "0",
    "net_regularizer": "0",
    "num_cross_layers": "4",
    "num_heads": "3",
    "num_workers": "8",
    "optimizer": "adam",
    "pickle_feature_encoder": "True",
    "save_best_only": "True",
    "seed": "2024",
    "shuffle": "True",
    "task": "binary_classification",
    "test_data": "../../../data/Avazu_x4_h5/test.h5",
    "train_data": "../../../data/Avazu_x4_h5/train.h5",
    "use_features": "None",
    "valid_data": "../../../data/Avazu_x4_h5/valid.h5",
    "verbose": "1"
}
2024-07-02 23:41:30,962 P1366376 INFO Load feature_map from json: ../../../data/Avazu_x4_h5/feature_map.json
2024-07-02 23:41:30,962 P1366376 INFO Set column index...
2024-07-02 23:41:30,962 P1366376 INFO Feature specs: {
    "C1": "{'source': '', 'type': 'categorical', 'padding_idx': 0, 'oov_idx': 8, 'vocab_size': 9}",
    "C14": "{'source': '', 'type': 'categorical', 'padding_idx': 0, 'oov_idx': 2555, 'vocab_size': 2556}",
    "C15": "{'source': '', 'type': 'categorical', 'padding_idx': 0, 'oov_idx': 9, 'vocab_size': 10}",
    "C16": "{'source': '', 'type': 'categorical', 'padding_idx': 0, 'oov_idx': 10, 'vocab_size': 11}",
    "C17": "{'source': '', 'type': 'categorical', 'padding_idx': 0, 'oov_idx': 433, 'vocab_size': 434}",
    "C18": "{'source': '', 'type': 'categorical', 'padding_idx': 0, 'oov_idx': 5, 'vocab_size': 6}",
    "C19": "{'source': '', 'type': 'categorical', 'padding_idx': 0, 'oov_idx': 69, 'vocab_size': 70}",
    "C20": "{'source': '', 'type': 'categorical', 'padding_idx': 0, 'oov_idx': 172, 'vocab_size': 173}",
    "C21": "{'source': '', 'type': 'categorical', 'padding_idx': 0, 'oov_idx': 61, 'vocab_size': 62}",
    "app_category": "{'source': '', 'type': 'categorical', 'padding_idx': 0, 'oov_idx': 32, 'vocab_size': 33}",
    "app_domain": "{'source': '', 'type': 'categorical', 'padding_idx': 0, 'oov_idx': 399, 'vocab_size': 400}",
    "app_id": "{'source': '', 'type': 'categorical', 'padding_idx': 0, 'oov_idx': 6544, 'vocab_size': 6545}",
    "banner_pos": "{'source': '', 'type': 'categorical', 'padding_idx': 0, 'oov_idx': 8, 'vocab_size': 9}",
    "device_conn_type": "{'source': '', 'type': 'categorical', 'padding_idx': 0, 'oov_idx': 5, 'vocab_size': 6}",
    "device_id": "{'source': '', 'type': 'categorical', 'padding_idx': 0, 'oov_idx': 820508, 'vocab_size': 820509}",
    "device_ip": "{'source': '', 'type': 'categorical', 'padding_idx': 0, 'oov_idx': 2903321, 'vocab_size': 2903322}",
    "device_model": "{'source': '', 'type': 'categorical', 'padding_idx': 0, 'oov_idx': 7258, 'vocab_size': 7259}",
    "device_type": "{'source': '', 'type': 'categorical', 'padding_idx': 0, 'oov_idx': 6, 'vocab_size': 7}",
    "hour": "{'source': '', 'type': 'categorical', 'padding_idx': 0, 'oov_idx': 25, 'vocab_size': 26}",
    "site_category": "{'source': '', 'type': 'categorical', 'padding_idx': 0, 'oov_idx': 26, 'vocab_size': 27}",
    "site_domain": "{'source': '', 'type': 'categorical', 'padding_idx': 0, 'oov_idx': 5460, 'vocab_size': 5461}",
    "site_id": "{'source': '', 'type': 'categorical', 'padding_idx': 0, 'oov_idx': 4050, 'vocab_size': 4051}",
    "weekday": "{'source': '', 'type': 'categorical', 'padding_idx': 0, 'oov_idx': 8, 'vocab_size': 9}",
    "weekend": "{'source': '', 'type': 'categorical', 'padding_idx': 0, 'oov_idx': 3, 'vocab_size': 4}"
}
2024-07-02 23:41:36,959 P1366376 INFO Total number of parameters: 180346345.
2024-07-02 23:41:36,960 P1366376 INFO Loading data...
2024-07-02 23:41:36,960 P1366376 INFO Loading data from h5: ../../../data/Avazu_x4_h5/train.h5
2024-07-02 23:41:49,813 P1366376 INFO Train samples: total/32343172, blocks/1
2024-07-02 23:41:49,813 P1366376 INFO Loading data from h5: ../../../data/Avazu_x4_h5/valid.h5
2024-07-02 23:41:51,414 P1366376 INFO Validation samples: total/4042897, blocks/1
2024-07-02 23:41:51,415 P1366376 INFO Loading train and validation data done.
2024-07-02 23:41:51,415 P1366376 INFO Start training: 3235 batches/epoch
2024-07-02 23:41:51,415 P1366376 INFO ************ Epoch=1 start ************
2024-07-02 23:45:53,898 P1366376 INFO Train loss: 0.377896
2024-07-02 23:45:53,898 P1366376 INFO Evaluation @epoch 1 - batch 3235: 
2024-07-02 23:46:03,390 P1366376 INFO ===
2024-07-02 23:46:03,390 P1366376 INFO [Metrics] AUC: 0.796419 - logloss: 0.369893
2024-07-02 23:46:03,394 P1366376 INFO Save best model: monitor(max)=0.796419
2024-07-02 23:46:04,780 P1366376 INFO ************ Epoch=1 end ************
2024-07-02 23:50:05,302 P1366376 INFO Train loss: 0.323904
2024-07-02 23:50:05,302 P1366376 INFO Evaluation @epoch 2 - batch 3235: 
2024-07-02 23:50:14,116 P1366376 INFO ===
2024-07-02 23:50:14,116 P1366376 INFO [Metrics] AUC: 0.790846 - logloss: 0.381645
2024-07-02 23:50:14,122 P1366376 INFO Monitor(max)=0.790846 STOP!
2024-07-02 23:50:14,122 P1366376 INFO Reduce learning rate on plateau: 0.000100
2024-07-02 23:50:14,231 P1366376 INFO ************ Epoch=2 end ************
2024-07-02 23:54:14,994 P1366376 INFO Train loss: 0.265829
2024-07-02 23:54:14,994 P1366376 INFO Evaluation @epoch 3 - batch 3235: 
2024-07-02 23:54:24,463 P1366376 INFO ===
2024-07-02 23:54:24,464 P1366376 INFO [Metrics] AUC: 0.773251 - logloss: 0.446677
2024-07-02 23:54:24,468 P1366376 INFO Monitor(max)=0.773251 STOP!
2024-07-02 23:54:24,468 P1366376 INFO Reduce learning rate on plateau: 0.000010
2024-07-02 23:54:24,468 P1366376 INFO ********* Epoch==3 early stop *********
2024-07-02 23:54:24,578 P1366376 INFO Training finished.
2024-07-02 23:54:24,578 P1366376 INFO Load best model: /mnt/public/lhh/code/model_zoo/ECN/ECN_torch/checkpoints/Avazu_x4_h5/ECN_Avazu.model
2024-07-02 23:54:24,985 P1366376 INFO ****** Validation evaluation ******
2024-07-02 23:54:35,195 P1366376 INFO ===
2024-07-02 23:54:35,196 P1366376 INFO [Metrics] logloss: 0.369893 - AUC: 0.796419
2024-07-02 23:54:35,264 P1366376 INFO ******** Test evaluation ********
2024-07-02 23:54:35,264 P1366376 INFO Loading data...
2024-07-02 23:54:35,264 P1366376 INFO Loading data from h5: ../../../data/Avazu_x4_h5/test.h5
2024-07-02 23:54:36,963 P1366376 INFO Test samples: total/4042898, blocks/1
2024-07-02 23:54:36,963 P1366376 INFO Loading test data done.
2024-07-02 23:54:47,012 P1366376 INFO ===
2024-07-02 23:54:47,012 P1366376 INFO [Metrics] logloss: 0.369807 - AUC: 0.796564
